{"/home/travis/build/npmtest/node-npmtest-gcr/test.js":{"path":"/home/travis/build/npmtest/node-npmtest-gcr/test.js","s":{"1":2,"2":2,"3":2,"4":2,"5":2,"6":2,"7":2,"8":1,"9":2,"10":2,"11":1,"12":1,"13":1,"14":1,"15":2,"16":2,"17":2,"18":2,"19":1,"20":1,"21":2,"22":2,"23":2,"24":1,"25":1,"26":1,"27":1,"28":1,"29":1,"30":1,"31":1,"32":1,"33":1,"34":1,"35":1,"36":1,"37":2,"38":2,"39":1,"40":2,"41":2,"42":1,"43":2,"44":2,"45":1,"46":2,"47":2,"48":1,"49":1,"50":1,"51":1,"52":1},"b":{"1":[2,1,1,1],"2":[1,1,1,1],"3":[1,1],"4":[1,1],"5":[1,1],"6":[1,1],"7":[1,1],"8":[1,1],"9":[1,1,1],"10":[1,1],"11":[1,1],"12":[1,1],"13":[1,1],"14":[1,1],"15":[1,1],"16":[1,1]},"f":{"1":2,"2":2,"3":2,"4":2,"5":2,"6":1,"7":1,"8":2,"9":2,"10":2,"11":2,"12":1},"fnMap":{"1":{"name":"(anonymous_1)","line":12,"loc":{"start":{"line":12,"column":1},"end":{"line":12,"column":13}}},"2":{"name":"(anonymous_2)","line":19,"loc":{"start":{"line":19,"column":5},"end":{"line":19,"column":17}}},"3":{"name":"(anonymous_3)","line":23,"loc":{"start":{"line":23,"column":24},"end":{"line":23,"column":36}}},"4":{"name":"(anonymous_4)","line":61,"loc":{"start":{"line":61,"column":5},"end":{"line":61,"column":17}}},"5":{"name":"(anonymous_5)","line":82,"loc":{"start":{"line":82,"column":5},"end":{"line":82,"column":17}}},"6":{"name":"(anonymous_6)","line":102,"loc":{"start":{"line":102,"column":83},"end":{"line":105,"column":10}},"skip":true},"7":{"name":"(anonymous_7)","line":113,"loc":{"start":{"line":113,"column":77},"end":{"line":116,"column":10}},"skip":true},"8":{"name":"(anonymous_8)","line":129,"loc":{"start":{"line":129,"column":12},"end":{"line":129,"column":40}},"skip":true},"9":{"name":"(anonymous_9)","line":137,"loc":{"start":{"line":137,"column":77},"end":{"line":140,"column":10}},"skip":true},"10":{"name":"(anonymous_10)","line":148,"loc":{"start":{"line":148,"column":83},"end":{"line":151,"column":10}},"skip":true},"11":{"name":"(anonymous_11)","line":159,"loc":{"start":{"line":159,"column":79},"end":{"line":162,"column":10}},"skip":true},"12":{"name":"(anonymous_12)","line":170,"loc":{"start":{"line":170,"column":75},"end":{"line":173,"column":10}},"skip":true}},"statementMap":{"1":{"start":{"line":12,"column":0},"end":{"line":185,"column":5}},"2":{"start":{"line":14,"column":4},"end":{"line":14,"column":14}},"3":{"start":{"line":19,"column":4},"end":{"line":56,"column":9}},"4":{"start":{"line":21,"column":8},"end":{"line":21,"column":19}},"5":{"start":{"line":23,"column":8},"end":{"line":35,"column":13}},"6":{"start":{"line":24,"column":12},"end":{"line":34,"column":13}},"7":{"start":{"line":25,"column":16},"end":{"line":28,"column":30}},"8":{"start":{"line":30,"column":16},"end":{"line":33,"column":27}},"9":{"start":{"line":37,"column":8},"end":{"line":39,"column":21}},"10":{"start":{"line":40,"column":8},"end":{"line":53,"column":9}},"11":{"start":{"line":43,"column":12},"end":{"line":46,"column":14}},"12":{"start":{"line":47,"column":12},"end":{"line":47,"column":18}},"13":{"start":{"line":50,"column":12},"end":{"line":51,"column":46}},"14":{"start":{"line":52,"column":12},"end":{"line":52,"column":18}},"15":{"start":{"line":55,"column":8},"end":{"line":55,"column":35}},"16":{"start":{"line":61,"column":4},"end":{"line":63,"column":9}},"17":{"start":{"line":62,"column":8},"end":{"line":62,"column":15}},"18":{"start":{"line":64,"column":4},"end":{"line":77,"column":5}},"19":{"start":{"line":70,"column":8},"end":{"line":70,"column":14}},"20":{"start":{"line":76,"column":8},"end":{"line":76,"column":14}},"21":{"start":{"line":82,"column":4},"end":{"line":84,"column":9}},"22":{"start":{"line":83,"column":8},"end":{"line":83,"column":15}},"23":{"start":{"line":85,"column":4},"end":{"line":184,"column":5}},"24":{"start":{"line":92,"column":8},"end":{"line":94,"column":63}},"25":{"start":{"line":95,"column":8},"end":{"line":95,"column":14}},"26":{"start":{"line":102,"column":8},"end":{"line":111,"column":10},"skip":true},"27":{"start":{"line":109,"column":12},"end":{"line":109,"column":55},"skip":true},"28":{"start":{"line":110,"column":12},"end":{"line":110,"column":48},"skip":true},"29":{"start":{"line":113,"column":8},"end":{"line":126,"column":10},"skip":true},"30":{"start":{"line":120,"column":12},"end":{"line":120,"column":76},"skip":true},"31":{"start":{"line":121,"column":12},"end":{"line":121,"column":73},"skip":true},"32":{"start":{"line":122,"column":12},"end":{"line":122,"column":74},"skip":true},"33":{"start":{"line":123,"column":12},"end":{"line":123,"column":79},"skip":true},"34":{"start":{"line":124,"column":12},"end":{"line":124,"column":25},"skip":true},"35":{"start":{"line":125,"column":12},"end":{"line":125,"column":45},"skip":true},"36":{"start":{"line":128,"column":8},"end":{"line":135,"column":14},"skip":true},"37":{"start":{"line":133,"column":16},"end":{"line":133,"column":29},"skip":true},"38":{"start":{"line":134,"column":16},"end":{"line":134,"column":55},"skip":true},"39":{"start":{"line":137,"column":8},"end":{"line":146,"column":10},"skip":true},"40":{"start":{"line":144,"column":12},"end":{"line":144,"column":25},"skip":true},"41":{"start":{"line":145,"column":12},"end":{"line":145,"column":45},"skip":true},"42":{"start":{"line":148,"column":8},"end":{"line":157,"column":10},"skip":true},"43":{"start":{"line":155,"column":12},"end":{"line":155,"column":25},"skip":true},"44":{"start":{"line":156,"column":12},"end":{"line":156,"column":48},"skip":true},"45":{"start":{"line":159,"column":8},"end":{"line":168,"column":10},"skip":true},"46":{"start":{"line":166,"column":12},"end":{"line":166,"column":25},"skip":true},"47":{"start":{"line":167,"column":12},"end":{"line":167,"column":46},"skip":true},"48":{"start":{"line":170,"column":8},"end":{"line":179,"column":10},"skip":true},"49":{"start":{"line":177,"column":12},"end":{"line":177,"column":94},"skip":true},"50":{"start":{"line":178,"column":12},"end":{"line":178,"column":48},"skip":true},"51":{"start":{"line":182,"column":8},"end":{"line":182,"column":35},"skip":true},"52":{"start":{"line":183,"column":8},"end":{"line":183,"column":14},"skip":true}},"branchMap":{"1":{"line":25,"type":"binary-expr","locations":[{"start":{"line":25,"column":23},"end":{"line":25,"column":62}},{"start":{"line":26,"column":20},"end":{"line":26,"column":70}},{"start":{"line":27,"column":20},"end":{"line":27,"column":71}},{"start":{"line":28,"column":20},"end":{"line":28,"column":29}}]},"2":{"line":30,"type":"binary-expr","locations":[{"start":{"line":30,"column":23},"end":{"line":30,"column":37}},{"start":{"line":31,"column":20},"end":{"line":31,"column":61}},{"start":{"line":32,"column":20},"end":{"line":32,"column":70}},{"start":{"line":33,"column":20},"end":{"line":33,"column":26}}]},"3":{"line":37,"type":"cond-expr","locations":[{"start":{"line":38,"column":14},"end":{"line":38,"column":20}},{"start":{"line":39,"column":14},"end":{"line":39,"column":20}}]},"4":{"line":40,"type":"switch","locations":[{"start":{"line":42,"column":8},"end":{"line":47,"column":18}},{"start":{"line":49,"column":8},"end":{"line":52,"column":18}}]},"5":{"line":44,"type":"binary-expr","locations":[{"start":{"line":44,"column":16},"end":{"line":44,"column":44}},{"start":{"line":44,"column":48},"end":{"line":44,"column":66}}]},"6":{"line":50,"type":"binary-expr","locations":[{"start":{"line":50,"column":21},"end":{"line":50,"column":49}},{"start":{"line":50,"column":53},"end":{"line":50,"column":72}}]},"7":{"line":64,"type":"switch","locations":[{"start":{"line":69,"column":4},"end":{"line":70,"column":14}},{"start":{"line":75,"column":4},"end":{"line":76,"column":14}}]},"8":{"line":85,"type":"switch","locations":[{"start":{"line":90,"column":4},"end":{"line":95,"column":14}},{"start":{"line":101,"column":4},"end":{"line":183,"column":14},"skip":true}]},"9":{"line":92,"type":"binary-expr","locations":[{"start":{"line":92,"column":18},"end":{"line":92,"column":32}},{"start":{"line":93,"column":12},"end":{"line":93,"column":53}},{"start":{"line":94,"column":12},"end":{"line":94,"column":61}}]},"10":{"line":102,"type":"binary-expr","locations":[{"start":{"line":102,"column":45},"end":{"line":102,"column":79},"skip":true},{"start":{"line":102,"column":83},"end":{"line":111,"column":9},"skip":true}]},"11":{"line":113,"type":"binary-expr","locations":[{"start":{"line":113,"column":42},"end":{"line":113,"column":73},"skip":true},{"start":{"line":113,"column":77},"end":{"line":126,"column":9},"skip":true}]},"12":{"line":128,"type":"binary-expr","locations":[{"start":{"line":128,"column":48},"end":{"line":128,"column":85},"skip":true},{"start":{"line":129,"column":12},"end":{"line":135,"column":13},"skip":true}]},"13":{"line":137,"type":"binary-expr","locations":[{"start":{"line":137,"column":42},"end":{"line":137,"column":73},"skip":true},{"start":{"line":137,"column":77},"end":{"line":146,"column":9},"skip":true}]},"14":{"line":148,"type":"binary-expr","locations":[{"start":{"line":148,"column":45},"end":{"line":148,"column":79},"skip":true},{"start":{"line":148,"column":83},"end":{"line":157,"column":9},"skip":true}]},"15":{"line":159,"type":"binary-expr","locations":[{"start":{"line":159,"column":43},"end":{"line":159,"column":75},"skip":true},{"start":{"line":159,"column":79},"end":{"line":168,"column":9},"skip":true}]},"16":{"line":170,"type":"binary-expr","locations":[{"start":{"line":170,"column":41},"end":{"line":170,"column":71},"skip":true},{"start":{"line":170,"column":75},"end":{"line":179,"column":9},"skip":true}]}},"code":["/* istanbul instrument in package npmtest_gcr */","/*jslint","    bitwise: true,","    browser: true,","    maxerr: 8,","    maxlen: 96,","    node: true,","    nomen: true,","    regexp: true,","    stupid: true","*/","(function () {","    'use strict';","    var local;","","","","    // run shared js-env code - pre-init","    (function () {","        // init local","        local = {};","        // init modeJs","        local.modeJs = (function () {","            try {","                return typeof navigator.userAgent === 'string' &&","                    typeof document.querySelector('body') === 'object' &&","                    typeof XMLHttpRequest.prototype.open === 'function' &&","                    'browser';","            } catch (errorCaughtBrowser) {","                return module.exports &&","                    typeof process.versions.node === 'string' &&","                    typeof require('http').createServer === 'function' &&","                    'node';","            }","        }());","        // init global","        local.global = local.modeJs === 'browser'","            ? window","            : global;","        switch (local.modeJs) {","        // re-init local from window.local","        case 'browser':","            local = local.global.utility2.objectSetDefault(","                local.global.utility2_rollup || local.global.local,","                local.global.utility2","            );","            break;","        // re-init local from example.js","        case 'node':","            local = (local.global.utility2_rollup || require('utility2'))","                .requireExampleJsFromReadme();","            break;","        }","        // export local","        local.global.local = local;","    }());","","","","    // run shared js-env code - function","    (function () {","        return;","    }());","    switch (local.modeJs) {","","","","    // run browser js-env code - function","    case 'browser':","        break;","","","","    // run node js-env code - function","    case 'node':","        break;","    }","","","","    // run shared js-env code - post-init","    (function () {","        return;","    }());","    switch (local.modeJs) {","","","","    // run browser js-env code - post-init","    case 'browser':","        // run tests","        local.nop(local.modeTest &&","            document.querySelector('#testRunButton1') &&","            document.querySelector('#testRunButton1').click());","        break;","","","","    // run node js-env code - post-init","    /* istanbul ignore next */","    case 'node':","        local.testCase_buildApidoc_default = local.testCase_buildApidoc_default || function (","            options,","            onError","        ) {","        /*","         * this function will test buildApidoc's default handling-behavior-behavior","         */","            options = { modulePathList: module.paths };","            local.buildApidoc(options, onError);","        };","","        local.testCase_buildApp_default = local.testCase_buildApp_default || function (","            options,","            onError","        ) {","        /*","         * this function will test buildApp's default handling-behavior-behavior","         */","            local.testCase_buildReadme_default(options, local.onErrorThrow);","            local.testCase_buildLib_default(options, local.onErrorThrow);","            local.testCase_buildTest_default(options, local.onErrorThrow);","            local.testCase_buildCustomOrg_default(options, local.onErrorThrow);","            options = [];","            local.buildApp(options, onError);","        };","","        local.testCase_buildCustomOrg_default = local.testCase_buildCustomOrg_default ||","            function (options, onError) {","            /*","             * this function will test buildCustomOrg's default handling-behavior","             */","                options = {};","                local.buildCustomOrg(options, onError);","            };","","        local.testCase_buildLib_default = local.testCase_buildLib_default || function (","            options,","            onError","        ) {","        /*","         * this function will test buildLib's default handling-behavior","         */","            options = {};","            local.buildLib(options, onError);","        };","","        local.testCase_buildReadme_default = local.testCase_buildReadme_default || function (","            options,","            onError","        ) {","        /*","         * this function will test buildReadme's default handling-behavior-behavior","         */","            options = {};","            local.buildReadme(options, onError);","        };","","        local.testCase_buildTest_default = local.testCase_buildTest_default || function (","            options,","            onError","        ) {","        /*","         * this function will test buildTest's default handling-behavior","         */","            options = {};","            local.buildTest(options, onError);","        };","","        local.testCase_webpage_default = local.testCase_webpage_default || function (","            options,","            onError","        ) {","        /*","         * this function will test webpage's default handling-behavior","         */","            options = { modeCoverageMerge: true, url: local.serverLocalHost + '?modeTest=1' };","            local.browserTest(options, onError);","        };","","        // run test-server","        local.testRunServer(local);","        break;","    }","}());",""],"l":{"12":2,"14":2,"19":2,"21":2,"23":2,"24":2,"25":2,"30":1,"37":2,"40":2,"43":1,"47":1,"50":1,"52":1,"55":2,"61":2,"62":2,"64":2,"70":1,"76":1,"82":2,"83":2,"85":2,"92":1,"95":1,"102":1,"109":1,"110":1,"113":1,"120":1,"121":1,"122":1,"123":1,"124":1,"125":1,"128":1,"133":2,"134":2,"137":1,"144":2,"145":2,"148":1,"155":2,"156":2,"159":1,"166":2,"167":2,"170":1,"177":1,"178":1,"182":1,"183":1}},"/home/travis/build/npmtest/node-npmtest-gcr/lib.npmtest_gcr.js":{"path":"/home/travis/build/npmtest/node-npmtest-gcr/lib.npmtest_gcr.js","s":{"1":2,"2":2,"3":2,"4":2,"5":2,"6":2,"7":2,"8":1,"9":2,"10":2,"11":2,"12":2,"13":1,"14":1,"15":1,"16":1},"b":{"1":[2,1,1,1],"2":[1,1,1,1],"3":[1,1],"4":[2,2],"5":[1,1]},"f":{"1":2,"2":2,"3":2},"fnMap":{"1":{"name":"(anonymous_1)","line":12,"loc":{"start":{"line":12,"column":1},"end":{"line":12,"column":13}}},"2":{"name":"(anonymous_2)","line":19,"loc":{"start":{"line":19,"column":5},"end":{"line":19,"column":17}}},"3":{"name":"(anonymous_3)","line":23,"loc":{"start":{"line":23,"column":24},"end":{"line":23,"column":36}}}},"statementMap":{"1":{"start":{"line":12,"column":0},"end":{"line":53,"column":5}},"2":{"start":{"line":14,"column":4},"end":{"line":14,"column":14}},"3":{"start":{"line":19,"column":4},"end":{"line":52,"column":9}},"4":{"start":{"line":21,"column":8},"end":{"line":21,"column":19}},"5":{"start":{"line":23,"column":8},"end":{"line":35,"column":13}},"6":{"start":{"line":24,"column":12},"end":{"line":34,"column":13}},"7":{"start":{"line":25,"column":16},"end":{"line":28,"column":30}},"8":{"start":{"line":30,"column":16},"end":{"line":33,"column":27}},"9":{"start":{"line":37,"column":8},"end":{"line":39,"column":21}},"10":{"start":{"line":41,"column":8},"end":{"line":41,"column":54}},"11":{"start":{"line":43,"column":8},"end":{"line":43,"column":48}},"12":{"start":{"line":45,"column":8},"end":{"line":51,"column":9}},"13":{"start":{"line":46,"column":12},"end":{"line":46,"column":54}},"14":{"start":{"line":48,"column":12},"end":{"line":48,"column":35}},"15":{"start":{"line":49,"column":12},"end":{"line":49,"column":49}},"16":{"start":{"line":50,"column":12},"end":{"line":50,"column":43}}},"branchMap":{"1":{"line":25,"type":"binary-expr","locations":[{"start":{"line":25,"column":23},"end":{"line":25,"column":62}},{"start":{"line":26,"column":20},"end":{"line":26,"column":70}},{"start":{"line":27,"column":20},"end":{"line":27,"column":71}},{"start":{"line":28,"column":20},"end":{"line":28,"column":29}}]},"2":{"line":30,"type":"binary-expr","locations":[{"start":{"line":30,"column":23},"end":{"line":30,"column":37}},{"start":{"line":31,"column":20},"end":{"line":31,"column":61}},{"start":{"line":32,"column":20},"end":{"line":32,"column":70}},{"start":{"line":33,"column":20},"end":{"line":33,"column":26}}]},"3":{"line":37,"type":"cond-expr","locations":[{"start":{"line":38,"column":14},"end":{"line":38,"column":20}},{"start":{"line":39,"column":14},"end":{"line":39,"column":20}}]},"4":{"line":41,"type":"binary-expr","locations":[{"start":{"line":41,"column":16},"end":{"line":41,"column":44}},{"start":{"line":41,"column":48},"end":{"line":41,"column":53}}]},"5":{"line":45,"type":"if","locations":[{"start":{"line":45,"column":8},"end":{"line":45,"column":8}},{"start":{"line":45,"column":8},"end":{"line":45,"column":8}}]}},"code":["/* istanbul instrument in package npmtest_gcr */","/*jslint","    bitwise: true,","    browser: true,","    maxerr: 8,","    maxlen: 96,","    node: true,","    nomen: true,","    regexp: true,","    stupid: true","*/","(function () {","    'use strict';","    var local;","","","","    // run shared js-env code - pre-init","    (function () {","        // init local","        local = {};","        // init modeJs","        local.modeJs = (function () {","            try {","                return typeof navigator.userAgent === 'string' &&","                    typeof document.querySelector('body') === 'object' &&","                    typeof XMLHttpRequest.prototype.open === 'function' &&","                    'browser';","            } catch (errorCaughtBrowser) {","                return module.exports &&","                    typeof process.versions.node === 'string' &&","                    typeof require('http').createServer === 'function' &&","                    'node';","            }","        }());","        // init global","        local.global = local.modeJs === 'browser'","            ? window","            : global;","        // init utility2_rollup","        local = local.global.utility2_rollup || local;","        // init lib","        local.local = local.npmtest_gcr = local;","        // init exports","        if (local.modeJs === 'browser') {","            local.global.utility2_npmtest_gcr = local;","        } else {","            module.exports = local;","            module.exports.__dirname = __dirname;","            module.exports.module = module;","        }","    }());","}());",""],"l":{"12":2,"14":2,"19":2,"21":2,"23":2,"24":2,"25":2,"30":1,"37":2,"41":2,"43":2,"45":2,"46":1,"48":1,"49":1,"50":1}},"/home/travis/build/npmtest/node-npmtest-gcr/example.js":{"path":"/home/travis/build/npmtest/node-npmtest-gcr/example.js","s":{"1":2,"2":2,"3":2,"4":2,"5":2,"6":2,"7":2,"8":1,"9":2,"10":2,"11":2,"12":2,"13":1,"14":2,"15":2,"16":2,"17":2,"18":2,"19":0,"20":2,"21":1,"22":1,"23":1,"24":1,"25":1,"26":0,"27":0,"28":1,"29":1,"30":2,"31":0,"32":0,"33":0,"34":1,"35":2,"36":2,"37":2,"38":2,"39":2,"40":2,"41":0,"42":2,"43":2,"44":2,"45":1,"46":3,"47":1,"48":1,"49":1,"50":1,"51":1,"52":1,"53":1,"54":1,"55":1,"56":1,"57":0,"58":1,"59":6,"60":6,"61":1,"62":2,"63":0,"64":2,"65":1,"66":1,"67":0,"68":0,"69":0,"70":0,"71":0,"72":0,"73":0,"74":0,"75":0,"76":0,"77":0,"78":0,"79":0,"80":0,"81":0,"82":0,"83":0},"b":{"1":[2,1,1,1],"2":[1,1,1,1],"3":[1,1],"4":[2,2],"5":[1,1],"6":[1,1],"7":[2,0],"8":[2,1,1,1,1,1],"9":[0,2,0],"10":[1,1],"11":[2,1,1],"12":[1,0],"13":[0,2],"14":[2,0,0,0,0,0,0],"15":[0,2],"16":[2,0],"17":[1,1],"18":[0,1],"19":[1,2,0,2],"20":[1,0],"21":[1,1],"22":[0,0],"23":[0,0],"24":[0,0],"25":[0,0],"26":[0,0],"27":[0,0],"28":[0,0]},"f":{"1":2,"2":2,"3":2,"4":2,"5":2,"6":2,"7":2,"8":2,"9":3,"10":1,"11":6,"12":0},"fnMap":{"1":{"name":"(anonymous_1)","line":26,"loc":{"start":{"line":26,"column":1},"end":{"line":26,"column":13}}},"2":{"name":"(anonymous_2)","line":33,"loc":{"start":{"line":33,"column":5},"end":{"line":33,"column":17}}},"3":{"name":"(anonymous_3)","line":37,"loc":{"start":{"line":37,"column":24},"end":{"line":37,"column":36}}},"4":{"name":"(anonymous_4)","line":69,"loc":{"start":{"line":69,"column":31},"end":{"line":69,"column":48}},"skip":true},"5":{"name":"(anonymous_5)","line":78,"loc":{"start":{"line":78,"column":26},"end":{"line":78,"column":45}},"skip":true},"6":{"name":"(anonymous_6)","line":123,"loc":{"start":{"line":123,"column":33},"end":{"line":123,"column":48}},"skip":true},"7":{"name":"(anonymous_7)","line":125,"loc":{"start":{"line":125,"column":27},"end":{"line":125,"column":39}},"skip":true},"8":{"name":"(anonymous_8)","line":133,"loc":{"start":{"line":133,"column":59},"end":{"line":133,"column":74}},"skip":true},"9":{"name":"(anonymous_9)","line":143,"loc":{"start":{"line":143,"column":45},"end":{"line":143,"column":62}},"skip":true},"10":{"name":"(anonymous_10)","line":144,"loc":{"start":{"line":144,"column":73},"end":{"line":144,"column":92}},"skip":true},"11":{"name":"(anonymous_11)","line":272,"loc":{"start":{"line":272,"column":51},"end":{"line":272,"column":77}},"skip":true},"12":{"name":"(anonymous_12)","line":314,"loc":{"start":{"line":314,"column":32},"end":{"line":314,"column":61}},"skip":true}},"statementMap":{"1":{"start":{"line":26,"column":0},"end":{"line":325,"column":5}},"2":{"start":{"line":28,"column":4},"end":{"line":28,"column":14}},"3":{"start":{"line":33,"column":4},"end":{"line":60,"column":9}},"4":{"start":{"line":35,"column":8},"end":{"line":35,"column":19}},"5":{"start":{"line":37,"column":8},"end":{"line":49,"column":13}},"6":{"start":{"line":38,"column":12},"end":{"line":48,"column":13}},"7":{"start":{"line":39,"column":16},"end":{"line":42,"column":30}},"8":{"start":{"line":44,"column":16},"end":{"line":47,"column":27}},"9":{"start":{"line":51,"column":8},"end":{"line":53,"column":21}},"10":{"start":{"line":55,"column":8},"end":{"line":57,"column":45}},"11":{"start":{"line":59,"column":8},"end":{"line":59,"column":35}},"12":{"start":{"line":61,"column":4},"end":{"line":324,"column":5}},"13":{"start":{"line":69,"column":8},"end":{"line":121,"column":10},"skip":true},"14":{"start":{"line":70,"column":12},"end":{"line":88,"column":13},"skip":true},"15":{"start":{"line":76,"column":16},"end":{"line":87,"column":19},"skip":true},"16":{"start":{"line":79,"column":20},"end":{"line":86,"column":21},"skip":true},"17":{"start":{"line":82,"column":24},"end":{"line":82,"column":43},"skip":true},"18":{"start":{"line":83,"column":24},"end":{"line":83,"column":30},"skip":true},"19":{"start":{"line":85,"column":24},"end":{"line":85,"column":49},"skip":true},"20":{"start":{"line":89,"column":12},"end":{"line":107,"column":13},"skip":true},"21":{"start":{"line":92,"column":16},"end":{"line":102,"column":17},"skip":true},"22":{"start":{"line":93,"column":20},"end":{"line":93,"column":86},"skip":true},"23":{"start":{"line":94,"column":20},"end":{"line":95,"column":45},"skip":true},"24":{"start":{"line":96,"column":20},"end":{"line":96,"column":42},"skip":true},"25":{"start":{"line":97,"column":20},"end":{"line":97,"column":48},"skip":true},"26":{"start":{"line":100,"column":20},"end":{"line":100,"column":85},"skip":true},"27":{"start":{"line":101,"column":20},"end":{"line":101,"column":96},"skip":true},"28":{"start":{"line":103,"column":16},"end":{"line":103,"column":22},"skip":true},"29":{"start":{"line":106,"column":16},"end":{"line":106,"column":22},"skip":true},"30":{"start":{"line":108,"column":12},"end":{"line":120,"column":13},"skip":true},"31":{"start":{"line":114,"column":16},"end":{"line":119,"column":17},"skip":true},"32":{"start":{"line":116,"column":20},"end":{"line":116,"column":78},"skip":true},"33":{"start":{"line":118,"column":20},"end":{"line":118,"column":47},"skip":true},"34":{"start":{"line":123,"column":8},"end":{"line":141,"column":11},"skip":true},"35":{"start":{"line":124,"column":12},"end":{"line":124,"column":54},"skip":true},"36":{"start":{"line":125,"column":12},"end":{"line":140,"column":14},"skip":true},"37":{"start":{"line":126,"column":16},"end":{"line":126,"column":28},"skip":true},"38":{"start":{"line":127,"column":16},"end":{"line":127,"column":69},"skip":true},"39":{"start":{"line":128,"column":16},"end":{"line":128,"column":75},"skip":true},"40":{"start":{"line":129,"column":16},"end":{"line":131,"column":17},"skip":true},"41":{"start":{"line":130,"column":20},"end":{"line":130,"column":27},"skip":true},"42":{"start":{"line":133,"column":16},"end":{"line":137,"column":36},"skip":true},"43":{"start":{"line":134,"column":20},"end":{"line":136,"column":55},"skip":true},"44":{"start":{"line":139,"column":16},"end":{"line":139,"column":57},"skip":true},"45":{"start":{"line":143,"column":8},"end":{"line":147,"column":11},"skip":true},"46":{"start":{"line":144,"column":12},"end":{"line":146,"column":15},"skip":true},"47":{"start":{"line":145,"column":16},"end":{"line":145,"column":70},"skip":true},"48":{"start":{"line":149,"column":8},"end":{"line":149,"column":31},"skip":true},"49":{"start":{"line":150,"column":8},"end":{"line":150,"column":14},"skip":true},"50":{"start":{"line":158,"column":8},"end":{"line":158,"column":31},"skip":true},"51":{"start":{"line":160,"column":8},"end":{"line":160,"column":33},"skip":true},"52":{"start":{"line":161,"column":8},"end":{"line":161,"column":37},"skip":true},"53":{"start":{"line":162,"column":8},"end":{"line":162,"column":35},"skip":true},"54":{"start":{"line":164,"column":8},"end":{"line":164,"column":50},"skip":true},"55":{"start":{"line":166,"column":8},"end":{"line":256,"column":2},"skip":true},"56":{"start":{"line":258,"column":8},"end":{"line":286,"column":9},"skip":true},"57":{"start":{"line":259,"column":12},"end":{"line":269,"column":14},"skip":true},"58":{"start":{"line":271,"column":12},"end":{"line":285,"column":19},"skip":true},"59":{"start":{"line":274,"column":20},"end":{"line":274,"column":35},"skip":true},"60":{"start":{"line":275,"column":20},"end":{"line":284,"column":21},"skip":true},"61":{"start":{"line":277,"column":24},"end":{"line":277,"column":64},"skip":true},"62":{"start":{"line":279,"column":24},"end":{"line":279,"column":40},"skip":true},"63":{"start":{"line":281,"column":24},"end":{"line":281,"column":40},"skip":true},"64":{"start":{"line":283,"column":24},"end":{"line":283,"column":39},"skip":true},"65":{"start":{"line":288,"column":8},"end":{"line":290,"column":9},"skip":true},"66":{"start":{"line":289,"column":12},"end":{"line":289,"column":18},"skip":true},"67":{"start":{"line":291,"column":8},"end":{"line":293,"column":54},"skip":true},"68":{"start":{"line":294,"column":8},"end":{"line":301,"column":37},"skip":true},"69":{"start":{"line":302,"column":8},"end":{"line":302,"column":82},"skip":true},"70":{"start":{"line":305,"column":8},"end":{"line":307,"column":9},"skip":true},"71":{"start":{"line":306,"column":12},"end":{"line":306,"column":82},"skip":true},"72":{"start":{"line":309,"column":8},"end":{"line":311,"column":9},"skip":true},"73":{"start":{"line":310,"column":12},"end":{"line":310,"column":18},"skip":true},"74":{"start":{"line":312,"column":8},"end":{"line":312,"column":54},"skip":true},"75":{"start":{"line":313,"column":8},"end":{"line":313,"column":69},"skip":true},"76":{"start":{"line":314,"column":8},"end":{"line":322,"column":36},"skip":true},"77":{"start":{"line":315,"column":12},"end":{"line":315,"column":61},"skip":true},"78":{"start":{"line":316,"column":12},"end":{"line":319,"column":13},"skip":true},"79":{"start":{"line":317,"column":16},"end":{"line":317,"column":75},"skip":true},"80":{"start":{"line":318,"column":16},"end":{"line":318,"column":23},"skip":true},"81":{"start":{"line":320,"column":12},"end":{"line":320,"column":38},"skip":true},"82":{"start":{"line":321,"column":12},"end":{"line":321,"column":27},"skip":true},"83":{"start":{"line":323,"column":8},"end":{"line":323,"column":14},"skip":true}},"branchMap":{"1":{"line":39,"type":"binary-expr","locations":[{"start":{"line":39,"column":23},"end":{"line":39,"column":62}},{"start":{"line":40,"column":20},"end":{"line":40,"column":70}},{"start":{"line":41,"column":20},"end":{"line":41,"column":71}},{"start":{"line":42,"column":20},"end":{"line":42,"column":29}}]},"2":{"line":44,"type":"binary-expr","locations":[{"start":{"line":44,"column":23},"end":{"line":44,"column":37}},{"start":{"line":45,"column":20},"end":{"line":45,"column":61}},{"start":{"line":46,"column":20},"end":{"line":46,"column":70}},{"start":{"line":47,"column":20},"end":{"line":47,"column":26}}]},"3":{"line":51,"type":"cond-expr","locations":[{"start":{"line":52,"column":14},"end":{"line":52,"column":20}},{"start":{"line":53,"column":14},"end":{"line":53,"column":20}}]},"4":{"line":55,"type":"binary-expr","locations":[{"start":{"line":55,"column":16},"end":{"line":55,"column":44}},{"start":{"line":55,"column":49},"end":{"line":57,"column":43}}]},"5":{"line":55,"type":"cond-expr","locations":[{"start":{"line":56,"column":14},"end":{"line":56,"column":47}},{"start":{"line":57,"column":14},"end":{"line":57,"column":43}}]},"6":{"line":61,"type":"switch","locations":[{"start":{"line":68,"column":4},"end":{"line":150,"column":14},"skip":true},{"start":{"line":156,"column":4},"end":{"line":323,"column":14},"skip":true}]},"7":{"line":70,"type":"if","locations":[{"start":{"line":70,"column":12},"end":{"line":70,"column":12},"skip":true},{"start":{"line":70,"column":12},"end":{"line":70,"column":12},"skip":true}]},"8":{"line":70,"type":"binary-expr","locations":[{"start":{"line":70,"column":16},"end":{"line":70,"column":22},"skip":true},{"start":{"line":70,"column":27},"end":{"line":70,"column":32},"skip":true},{"start":{"line":71,"column":20},"end":{"line":71,"column":39},"skip":true},{"start":{"line":72,"column":20},"end":{"line":72,"column":49},"skip":true},{"start":{"line":73,"column":20},"end":{"line":73,"column":58},"skip":true},{"start":{"line":74,"column":20},"end":{"line":74,"column":69},"skip":true}]},"9":{"line":79,"type":"switch","locations":[{"start":{"line":80,"column":20},"end":{"line":80,"column":33},"skip":true},{"start":{"line":81,"column":20},"end":{"line":83,"column":30},"skip":true},{"start":{"line":84,"column":20},"end":{"line":85,"column":49},"skip":true}]},"10":{"line":89,"type":"switch","locations":[{"start":{"line":90,"column":12},"end":{"line":103,"column":22},"skip":true},{"start":{"line":105,"column":12},"end":{"line":106,"column":22},"skip":true}]},"11":{"line":89,"type":"binary-expr","locations":[{"start":{"line":89,"column":20},"end":{"line":89,"column":25},"skip":true},{"start":{"line":89,"column":29},"end":{"line":89,"column":48},"skip":true},{"start":{"line":89,"column":52},"end":{"line":89,"column":74},"skip":true}]},"12":{"line":92,"type":"if","locations":[{"start":{"line":92,"column":16},"end":{"line":92,"column":16},"skip":true},{"start":{"line":92,"column":16},"end":{"line":92,"column":16},"skip":true}]},"13":{"line":108,"type":"if","locations":[{"start":{"line":108,"column":12},"end":{"line":108,"column":12},"skip":true},{"start":{"line":108,"column":12},"end":{"line":108,"column":12},"skip":true}]},"14":{"line":108,"type":"binary-expr","locations":[{"start":{"line":108,"column":16},"end":{"line":108,"column":61},"skip":true},{"start":{"line":108,"column":66},"end":{"line":108,"column":72},"skip":true},{"start":{"line":108,"column":77},"end":{"line":108,"column":82},"skip":true},{"start":{"line":109,"column":20},"end":{"line":109,"column":39},"skip":true},{"start":{"line":110,"column":20},"end":{"line":110,"column":49},"skip":true},{"start":{"line":111,"column":20},"end":{"line":111,"column":58},"skip":true},{"start":{"line":112,"column":20},"end":{"line":112,"column":68},"skip":true}]},"15":{"line":129,"type":"if","locations":[{"start":{"line":129,"column":16},"end":{"line":129,"column":16},"skip":true},{"start":{"line":129,"column":16},"end":{"line":129,"column":16},"skip":true}]},"16":{"line":134,"type":"cond-expr","locations":[{"start":{"line":135,"column":26},"end":{"line":135,"column":29},"skip":true},{"start":{"line":136,"column":26},"end":{"line":136,"column":54},"skip":true}]},"17":{"line":164,"type":"binary-expr","locations":[{"start":{"line":164,"column":27},"end":{"line":164,"column":43},"skip":true},{"start":{"line":164,"column":47},"end":{"line":164,"column":49},"skip":true}]},"18":{"line":258,"type":"if","locations":[{"start":{"line":258,"column":8},"end":{"line":258,"column":8},"skip":true},{"start":{"line":258,"column":8},"end":{"line":258,"column":8},"skip":true}]},"19":{"line":275,"type":"switch","locations":[{"start":{"line":276,"column":20},"end":{"line":277,"column":64},"skip":true},{"start":{"line":278,"column":20},"end":{"line":279,"column":40},"skip":true},{"start":{"line":280,"column":20},"end":{"line":281,"column":40},"skip":true},{"start":{"line":282,"column":20},"end":{"line":283,"column":39},"skip":true}]},"20":{"line":288,"type":"if","locations":[{"start":{"line":288,"column":8},"end":{"line":288,"column":8},"skip":true},{"start":{"line":288,"column":8},"end":{"line":288,"column":8},"skip":true}]},"21":{"line":288,"type":"binary-expr","locations":[{"start":{"line":288,"column":12},"end":{"line":288,"column":40},"skip":true},{"start":{"line":288,"column":44},"end":{"line":288,"column":67},"skip":true}]},"22":{"line":292,"type":"binary-expr","locations":[{"start":{"line":292,"column":12},"end":{"line":292,"column":50},"skip":true},{"start":{"line":293,"column":12},"end":{"line":293,"column":53},"skip":true}]},"23":{"line":295,"type":"binary-expr","locations":[{"start":{"line":295,"column":12},"end":{"line":295,"column":61},"skip":true},{"start":{"line":296,"column":12},"end":{"line":301,"column":36},"skip":true}]},"24":{"line":302,"type":"binary-expr","locations":[{"start":{"line":302,"column":43},"end":{"line":302,"column":75},"skip":true},{"start":{"line":302,"column":79},"end":{"line":302,"column":81},"skip":true}]},"25":{"line":305,"type":"if","locations":[{"start":{"line":305,"column":8},"end":{"line":305,"column":8},"skip":true},{"start":{"line":305,"column":8},"end":{"line":305,"column":8},"skip":true}]},"26":{"line":309,"type":"if","locations":[{"start":{"line":309,"column":8},"end":{"line":309,"column":8},"skip":true},{"start":{"line":309,"column":8},"end":{"line":309,"column":8},"skip":true}]},"27":{"line":312,"type":"binary-expr","locations":[{"start":{"line":312,"column":27},"end":{"line":312,"column":43},"skip":true},{"start":{"line":312,"column":47},"end":{"line":312,"column":53},"skip":true}]},"28":{"line":316,"type":"if","locations":[{"start":{"line":316,"column":12},"end":{"line":316,"column":12},"skip":true},{"start":{"line":316,"column":12},"end":{"line":316,"column":12},"skip":true}]}},"code":["/*","example.js","","quickstart example","","instruction","    1. save this script as example.js","    2. run the shell command:","        $ npm install npmtest-gcr && PORT=8081 node example.js","    3. play with the browser-demo on http://127.0.0.1:8081","*/","","","","/* istanbul instrument in package npmtest_gcr */","/*jslint","    bitwise: true,","    browser: true,","    maxerr: 8,","    maxlen: 96,","    node: true,","    nomen: true,","    regexp: true,","    stupid: true","*/","(function () {","    'use strict';","    var local;","","","","    // run shared js-env code - pre-init","    (function () {","        // init local","        local = {};","        // init modeJs","        local.modeJs = (function () {","            try {","                return typeof navigator.userAgent === 'string' &&","                    typeof document.querySelector('body') === 'object' &&","                    typeof XMLHttpRequest.prototype.open === 'function' &&","                    'browser';","            } catch (errorCaughtBrowser) {","                return module.exports &&","                    typeof process.versions.node === 'string' &&","                    typeof require('http').createServer === 'function' &&","                    'node';","            }","        }());","        // init global","        local.global = local.modeJs === 'browser'","            ? window","            : global;","        // init utility2_rollup","        local = local.global.utility2_rollup || (local.modeJs === 'browser'","            ? local.global.utility2_npmtest_gcr","            : global.utility2_moduleExports);","        // export local","        local.global.local = local;","    }());","    switch (local.modeJs) {","","","","    // post-init","    // run browser js-env code - post-init","    /* istanbul ignore next */","    case 'browser':","        local.testRunBrowser = function (event) {","            if (!event || (event &&","                    event.currentTarget &&","                    event.currentTarget.className &&","                    event.currentTarget.className.includes &&","                    event.currentTarget.className.includes('onreset'))) {","                // reset output","                Array.from(","                    document.querySelectorAll('body > .resettable')","                ).forEach(function (element) {","                    switch (element.tagName) {","                    case 'INPUT':","                    case 'TEXTAREA':","                        element.value = '';","                        break;","                    default:","                        element.textContent = '';","                    }","                });","            }","            switch (event && event.currentTarget && event.currentTarget.id) {","            case 'testRunButton1':","                // show tests","                if (document.querySelector('#testReportDiv1').style.display === 'none') {","                    document.querySelector('#testReportDiv1').style.display = 'block';","                    document.querySelector('#testRunButton1').textContent =","                        'hide internal test';","                    local.modeTest = true;","                    local.testRunDefault(local);","                // hide tests","                } else {","                    document.querySelector('#testReportDiv1').style.display = 'none';","                    document.querySelector('#testRunButton1').textContent = 'run internal test';","                }","                break;","            // custom-case","            default:","                break;","            }","            if (document.querySelector('#inputTextareaEval1') && (!event || (event &&","                    event.currentTarget &&","                    event.currentTarget.className &&","                    event.currentTarget.className.includes &&","                    event.currentTarget.className.includes('oneval')))) {","                // try to eval input-code","                try {","                    /*jslint evil: true*/","                    eval(document.querySelector('#inputTextareaEval1').value);","                } catch (errorCaught) {","                    console.error(errorCaught);","                }","            }","        };","        // log stderr and stdout to #outputTextareaStdout1","        ['error', 'log'].forEach(function (key) {","            console[key + '_original'] = console[key];","            console[key] = function () {","                var element;","                console[key + '_original'].apply(console, arguments);","                element = document.querySelector('#outputTextareaStdout1');","                if (!element) {","                    return;","                }","                // append text to #outputTextareaStdout1","                element.value += Array.from(arguments).map(function (arg) {","                    return typeof arg === 'string'","                        ? arg","                        : JSON.stringify(arg, null, 4);","                }).join(' ') + '\\n';","                // scroll textarea to bottom","                element.scrollTop = element.scrollHeight;","            };","        });","        // init event-handling","        ['change', 'click', 'keyup'].forEach(function (event) {","            Array.from(document.querySelectorAll('.on' + event)).forEach(function (element) {","                element.addEventListener(event, local.testRunBrowser);","            });","        });","        // run tests","        local.testRunBrowser();","        break;","","","","    // run node js-env code - post-init","    /* istanbul ignore next */","    case 'node':","        // export local","        module.exports = local;","        // require modules","        local.fs = require('fs');","        local.http = require('http');","        local.url = require('url');","        // init assets","        local.assetsDict = local.assetsDict || {};","        /* jslint-ignore-begin */","        local.assetsDict['/assets.index.template.html'] = '\\","<!doctype html>\\n\\","<html lang=\"en\">\\n\\","<head>\\n\\","<meta charset=\"UTF-8\">\\n\\","<meta name=\"viewport\" content=\"width=device-width, initial-scale=1\">\\n\\","<title>{{env.npm_package_name}} (v{{env.npm_package_version}})</title>\\n\\","<style>\\n\\","/*csslint\\n\\","    box-sizing: false,\\n\\","    universal-selector: false\\n\\","*/\\n\\","* {\\n\\","    box-sizing: border-box;\\n\\","}\\n\\","body {\\n\\","    background: #dde;\\n\\","    font-family: Arial, Helvetica, sans-serif;\\n\\","    margin: 2rem;\\n\\","}\\n\\","body > * {\\n\\","    margin-bottom: 1rem;\\n\\","}\\n\\",".utility2FooterDiv {\\n\\","    margin-top: 20px;\\n\\","    text-align: center;\\n\\","}\\n\\","</style>\\n\\","<style>\\n\\","/*csslint\\n\\","*/\\n\\","textarea {\\n\\","    font-family: monospace;\\n\\","    height: 10rem;\\n\\","    width: 100%;\\n\\","}\\n\\","textarea[readonly] {\\n\\","    background: #ddd;\\n\\","}\\n\\","</style>\\n\\","</head>\\n\\","<body>\\n\\","<!-- utility2-comment\\n\\","<div id=\"ajaxProgressDiv1\" style=\"background: #d00; height: 2px; left: 0; margin: 0; padding: 0; position: fixed; top: 0; transition: background 0.5s, width 1.5s; width: 25%;\"></div>\\n\\","utility2-comment -->\\n\\","<h1>\\n\\","<!-- utility2-comment\\n\\","    <a\\n\\","        {{#if env.npm_package_homepage}}\\n\\","        href=\"{{env.npm_package_homepage}}\"\\n\\","        {{/if env.npm_package_homepage}}\\n\\","        target=\"_blank\"\\n\\","    >\\n\\","utility2-comment -->\\n\\","        {{env.npm_package_name}} (v{{env.npm_package_version}})\\n\\","<!-- utility2-comment\\n\\","    </a>\\n\\","utility2-comment -->\\n\\","</h1>\\n\\","<h3>{{env.npm_package_description}}</h3>\\n\\","<!-- utility2-comment\\n\\","<h4><a download href=\"assets.app.js\">download standalone app</a></h4>\\n\\","<button class=\"onclick onreset\" id=\"testRunButton1\">run internal test</button><br>\\n\\","<div id=\"testReportDiv1\" style=\"display: none;\"></div>\\n\\","utility2-comment -->\\n\\","\\n\\","\\n\\","\\n\\","<label>stderr and stdout</label>\\n\\","<textarea class=\"resettable\" id=\"outputTextareaStdout1\" readonly></textarea>\\n\\","<!-- utility2-comment\\n\\","{{#if isRollup}}\\n\\","<script src=\"assets.app.js\"></script>\\n\\","{{#unless isRollup}}\\n\\","utility2-comment -->\\n\\","<script src=\"assets.utility2.rollup.js\"></script>\\n\\","<script src=\"jsonp.utility2._stateInit?callback=window.utility2._stateInit\"></script>\\n\\","<script src=\"assets.npmtest_gcr.rollup.js\"></script>\\n\\","<script src=\"assets.example.js\"></script>\\n\\","<script src=\"assets.test.js\"></script>\\n\\","<!-- utility2-comment\\n\\","{{/if isRollup}}\\n\\","utility2-comment -->\\n\\","<div class=\"utility2FooterDiv\">\\n\\","    [ this app was created with\\n\\","    <a href=\"https://github.com/kaizhu256/node-utility2\" target=\"_blank\">utility2</a>\\n\\","    ]\\n\\","</div>\\n\\","</body>\\n\\","</html>\\n\\","';","        /* jslint-ignore-end */","        if (local.templateRender) {","            local.assetsDict['/'] = local.templateRender(","                local.assetsDict['/assets.index.template.html'],","                {","                    env: local.objectSetDefault(local.env, {","                        npm_package_description: 'the greatest app in the world!',","                        npm_package_name: 'my-app',","                        npm_package_nameAlias: 'my_app',","                        npm_package_version: '0.0.1'","                    })","                }","            );","        } else {","            local.assetsDict['/'] = local.assetsDict['/assets.index.template.html']","                .replace((/\\{\\{env\\.(\\w+?)\\}\\}/g), function (match0, match1) {","                    // jslint-hack","                    String(match0);","                    switch (match1) {","                    case 'npm_package_description':","                        return 'the greatest app in the world!';","                    case 'npm_package_name':","                        return 'my-app';","                    case 'npm_package_nameAlias':","                        return 'my_app';","                    case 'npm_package_version':","                        return '0.0.1';","                    }","                });","        }","        // run the cli","        if (local.global.utility2_rollup || module !== require.main) {","            break;","        }","        local.assetsDict['/assets.example.js'] =","            local.assetsDict['/assets.example.js'] ||","            local.fs.readFileSync(__filename, 'utf8');","        local.assetsDict['/assets.npmtest_gcr.rollup.js'] =","            local.assetsDict['/assets.npmtest_gcr.rollup.js'] ||","            local.fs.readFileSync(","                // buildCustomOrg-hack","                local.npmtest_gcr.__dirname +","                    '/lib.npmtest_gcr.js',","                'utf8'","            ).replace((/^#!/), '//');","        local.assetsDict['/favicon.ico'] = local.assetsDict['/favicon.ico'] || '';","        // if $npm_config_timeout_exit exists,","        // then exit this process after $npm_config_timeout_exit ms","        if (Number(process.env.npm_config_timeout_exit)) {","            setTimeout(process.exit, Number(process.env.npm_config_timeout_exit));","        }","        // start server","        if (local.global.utility2_serverHttp1) {","            break;","        }","        process.env.PORT = process.env.PORT || '8081';","        console.error('server starting on port ' + process.env.PORT);","        local.http.createServer(function (request, response) {","            request.urlParsed = local.url.parse(request.url);","            if (local.assetsDict[request.urlParsed.pathname] !== undefined) {","                response.end(local.assetsDict[request.urlParsed.pathname]);","                return;","            }","            response.statusCode = 404;","            response.end();","        }).listen(process.env.PORT);","        break;","    }","}());",""],"l":{"26":2,"28":2,"33":2,"35":2,"37":2,"38":2,"39":2,"44":1,"51":2,"55":2,"59":2,"61":2,"69":1,"70":2,"76":2,"79":2,"82":2,"83":2,"85":1,"89":2,"92":1,"93":1,"94":1,"96":1,"97":1,"100":1,"101":1,"103":1,"106":1,"108":2,"114":1,"116":1,"118":1,"123":1,"124":2,"125":2,"126":2,"127":2,"128":2,"129":2,"130":1,"133":2,"134":2,"139":2,"143":1,"144":3,"145":1,"149":1,"150":1,"158":1,"160":1,"161":1,"162":1,"164":1,"166":1,"258":1,"259":1,"271":1,"274":6,"275":6,"277":1,"279":2,"281":1,"283":2,"288":1,"289":1,"291":1,"294":1,"302":1,"305":1,"306":1,"309":1,"310":1,"312":1,"313":1,"314":1,"315":1,"316":1,"317":1,"318":1,"320":1,"321":1,"323":1}},"/home/travis/build/npmtest/node-npmtest-gcr/node_modules/gcr/lib/gcr.js":{"path":"/home/travis/build/npmtest/node-npmtest-gcr/node_modules/gcr/lib/gcr.js","s":{"1":1,"2":1,"3":1,"4":1,"5":1,"6":1,"7":1,"8":1,"9":0,"10":0,"11":0,"12":0,"13":0,"14":0,"15":0,"16":0,"17":0,"18":0,"19":0,"20":0,"21":0,"22":0,"23":0,"24":0,"25":0,"26":0,"27":0,"28":0,"29":0,"30":0,"31":0,"32":0,"33":0,"34":0,"35":0,"36":0,"37":0,"38":1,"39":0,"40":0,"41":0,"42":0,"43":0,"44":0,"45":0,"46":0,"47":1,"48":0,"49":0,"50":0,"51":0,"52":0,"53":0,"54":0,"55":0,"56":0,"57":1,"58":0,"59":0,"60":0,"61":0,"62":0,"63":0,"64":0,"65":0},"b":{"1":[0,0],"2":[0,0],"3":[0,0],"4":[0,0],"5":[0,0],"6":[0,0],"7":[0,0],"8":[0,0],"9":[0,0],"10":[0,0],"11":[0,0],"12":[0,0],"13":[0,0],"14":[0,0],"15":[0,0],"16":[0,0],"17":[0,0]},"f":{"1":0,"2":0,"3":0,"4":0,"5":0,"6":0,"7":0,"8":0,"9":0},"fnMap":{"1":{"name":"(anonymous_1)","line":24,"loc":{"start":{"line":24,"column":11},"end":{"line":24,"column":30}}},"2":{"name":"(anonymous_2)","line":27,"loc":{"start":{"line":27,"column":19},"end":{"line":27,"column":33}}},"3":{"name":"validateGit","line":68,"loc":{"start":{"line":68,"column":0},"end":{"line":68,"column":25}}},"4":{"name":"(anonymous_4)","line":70,"loc":{"start":{"line":70,"column":15},"end":{"line":70,"column":34}}},"5":{"name":"validateSetup","line":80,"loc":{"start":{"line":80,"column":0},"end":{"line":80,"column":27}}},"6":{"name":"(anonymous_6)","line":81,"loc":{"start":{"line":81,"column":37},"end":{"line":81,"column":51}}},"7":{"name":"(anonymous_7)","line":86,"loc":{"start":{"line":86,"column":29},"end":{"line":86,"column":43}}},"8":{"name":"saveConfig","line":97,"loc":{"start":{"line":97,"column":0},"end":{"line":97,"column":24}}},"9":{"name":"(anonymous_9)","line":98,"loc":{"start":{"line":98,"column":13},"end":{"line":98,"column":24}}}},"statementMap":{"1":{"start":{"line":1,"column":0},"end":{"line":12,"column":28}},"2":{"start":{"line":14,"column":0},"end":{"line":14,"column":19}},"3":{"start":{"line":16,"column":0},"end":{"line":16,"column":20}},"4":{"start":{"line":18,"column":0},"end":{"line":18,"column":33}},"5":{"start":{"line":19,"column":0},"end":{"line":19,"column":18}},"6":{"start":{"line":20,"column":0},"end":{"line":20,"column":43}},"7":{"start":{"line":22,"column":0},"end":{"line":22,"column":30}},"8":{"start":{"line":24,"column":0},"end":{"line":66,"column":1}},"9":{"start":{"line":25,"column":2},"end":{"line":25,"column":54}},"10":{"start":{"line":25,"column":34},"end":{"line":25,"column":54}},"11":{"start":{"line":26,"column":2},"end":{"line":26,"column":29}},"12":{"start":{"line":26,"column":18},"end":{"line":26,"column":29}},"13":{"start":{"line":27,"column":2},"end":{"line":65,"column":4}},"14":{"start":{"line":28,"column":4},"end":{"line":28,"column":16}},"15":{"start":{"line":29,"column":4},"end":{"line":32,"column":5}},"16":{"start":{"line":30,"column":6},"end":{"line":30,"column":30}},"17":{"start":{"line":31,"column":6},"end":{"line":31,"column":20}},"18":{"start":{"line":33,"column":4},"end":{"line":33,"column":34}},"19":{"start":{"line":34,"column":4},"end":{"line":34,"column":53}},"20":{"start":{"line":35,"column":4},"end":{"line":37,"column":5}},"21":{"start":{"line":36,"column":6},"end":{"line":36,"column":32}},"22":{"start":{"line":38,"column":4},"end":{"line":40,"column":5}},"23":{"start":{"line":39,"column":6},"end":{"line":39,"column":36}},"24":{"start":{"line":41,"column":4},"end":{"line":43,"column":5}},"25":{"start":{"line":42,"column":6},"end":{"line":42,"column":42}},"26":{"start":{"line":44,"column":4},"end":{"line":46,"column":5}},"27":{"start":{"line":45,"column":6},"end":{"line":45,"column":32}},"28":{"start":{"line":47,"column":4},"end":{"line":49,"column":5}},"29":{"start":{"line":48,"column":6},"end":{"line":48,"column":44}},"30":{"start":{"line":50,"column":4},"end":{"line":52,"column":5}},"31":{"start":{"line":51,"column":6},"end":{"line":51,"column":40}},"32":{"start":{"line":53,"column":4},"end":{"line":55,"column":5}},"33":{"start":{"line":54,"column":6},"end":{"line":54,"column":42}},"34":{"start":{"line":56,"column":4},"end":{"line":58,"column":5}},"35":{"start":{"line":57,"column":6},"end":{"line":57,"column":40}},"36":{"start":{"line":59,"column":4},"end":{"line":59,"column":22}},"37":{"start":{"line":60,"column":4},"end":{"line":64,"column":10}},"38":{"start":{"line":68,"column":0},"end":{"line":78,"column":1}},"39":{"start":{"line":69,"column":2},"end":{"line":69,"column":35}},"40":{"start":{"line":69,"column":24},"end":{"line":69,"column":35}},"41":{"start":{"line":70,"column":2},"end":{"line":77,"column":4}},"42":{"start":{"line":71,"column":4},"end":{"line":74,"column":5}},"43":{"start":{"line":72,"column":6},"end":{"line":72,"column":29}},"44":{"start":{"line":73,"column":6},"end":{"line":73,"column":20}},"45":{"start":{"line":75,"column":4},"end":{"line":75,"column":25}},"46":{"start":{"line":76,"column":4},"end":{"line":76,"column":8}},"47":{"start":{"line":80,"column":0},"end":{"line":95,"column":1}},"48":{"start":{"line":81,"column":2},"end":{"line":94,"column":4}},"49":{"start":{"line":82,"column":4},"end":{"line":85,"column":5}},"50":{"start":{"line":83,"column":6},"end":{"line":83,"column":30}},"51":{"start":{"line":84,"column":6},"end":{"line":84,"column":26}},"52":{"start":{"line":86,"column":4},"end":{"line":93,"column":6}},"53":{"start":{"line":87,"column":6},"end":{"line":92,"column":7}},"54":{"start":{"line":88,"column":8},"end":{"line":88,"column":36}},"55":{"start":{"line":89,"column":8},"end":{"line":89,"column":22}},"56":{"start":{"line":91,"column":8},"end":{"line":91,"column":12}},"57":{"start":{"line":97,"column":0},"end":{"line":107,"column":1}},"58":{"start":{"line":98,"column":2},"end":{"line":106,"column":4}},"59":{"start":{"line":99,"column":4},"end":{"line":99,"column":42}},"60":{"start":{"line":100,"column":4},"end":{"line":100,"column":52}},"61":{"start":{"line":101,"column":4},"end":{"line":101,"column":17}},"62":{"start":{"line":102,"column":4},"end":{"line":102,"column":21}},"63":{"start":{"line":103,"column":4},"end":{"line":103,"column":38}},"64":{"start":{"line":104,"column":4},"end":{"line":104,"column":38}},"65":{"start":{"line":105,"column":4},"end":{"line":105,"column":8}}},"branchMap":{"1":{"line":25,"type":"if","locations":[{"start":{"line":25,"column":2},"end":{"line":25,"column":2}},{"start":{"line":25,"column":2},"end":{"line":25,"column":2}}]},"2":{"line":26,"type":"if","locations":[{"start":{"line":26,"column":2},"end":{"line":26,"column":2}},{"start":{"line":26,"column":2},"end":{"line":26,"column":2}}]},"3":{"line":29,"type":"if","locations":[{"start":{"line":29,"column":4},"end":{"line":29,"column":4}},{"start":{"line":29,"column":4},"end":{"line":29,"column":4}}]},"4":{"line":35,"type":"if","locations":[{"start":{"line":35,"column":4},"end":{"line":35,"column":4}},{"start":{"line":35,"column":4},"end":{"line":35,"column":4}}]},"5":{"line":38,"type":"if","locations":[{"start":{"line":38,"column":4},"end":{"line":38,"column":4}},{"start":{"line":38,"column":4},"end":{"line":38,"column":4}}]},"6":{"line":41,"type":"if","locations":[{"start":{"line":41,"column":4},"end":{"line":41,"column":4}},{"start":{"line":41,"column":4},"end":{"line":41,"column":4}}]},"7":{"line":44,"type":"if","locations":[{"start":{"line":44,"column":4},"end":{"line":44,"column":4}},{"start":{"line":44,"column":4},"end":{"line":44,"column":4}}]},"8":{"line":47,"type":"if","locations":[{"start":{"line":47,"column":4},"end":{"line":47,"column":4}},{"start":{"line":47,"column":4},"end":{"line":47,"column":4}}]},"9":{"line":50,"type":"if","locations":[{"start":{"line":50,"column":4},"end":{"line":50,"column":4}},{"start":{"line":50,"column":4},"end":{"line":50,"column":4}}]},"10":{"line":53,"type":"if","locations":[{"start":{"line":53,"column":4},"end":{"line":53,"column":4}},{"start":{"line":53,"column":4},"end":{"line":53,"column":4}}]},"11":{"line":56,"type":"if","locations":[{"start":{"line":56,"column":4},"end":{"line":56,"column":4}},{"start":{"line":56,"column":4},"end":{"line":56,"column":4}}]},"12":{"line":69,"type":"if","locations":[{"start":{"line":69,"column":2},"end":{"line":69,"column":2}},{"start":{"line":69,"column":2},"end":{"line":69,"column":2}}]},"13":{"line":71,"type":"if","locations":[{"start":{"line":71,"column":4},"end":{"line":71,"column":4}},{"start":{"line":71,"column":4},"end":{"line":71,"column":4}}]},"14":{"line":82,"type":"if","locations":[{"start":{"line":82,"column":4},"end":{"line":82,"column":4}},{"start":{"line":82,"column":4},"end":{"line":82,"column":4}}]},"15":{"line":84,"type":"binary-expr","locations":[{"start":{"line":84,"column":13},"end":{"line":84,"column":15}},{"start":{"line":84,"column":19},"end":{"line":84,"column":26}}]},"16":{"line":87,"type":"if","locations":[{"start":{"line":87,"column":6},"end":{"line":87,"column":6}},{"start":{"line":87,"column":6},"end":{"line":87,"column":6}}]},"17":{"line":100,"type":"binary-expr","locations":[{"start":{"line":100,"column":18},"end":{"line":100,"column":43}},{"start":{"line":100,"column":47},"end":{"line":100,"column":52}}]}},"code":["var EventEmitter = require('events').EventEmitter","  , gcr = new EventEmitter","  , log = require('npmlog')","  , fs = require('fs')","  , nconf = require('nconf')","  , mkdirp = require('mkdirp')","  , path = require('path')","  , home = require('os-homedir')()","  , confFile = path.join(home, '.config', 'gcr.json')","  , slide = require('slide')","  , chain = slide.chain","  , which = require('which')","","log.heading = 'gcr'","","module.exports = gcr","","gcr.root = path.dirname(confFile)","gcr.loaded = false","gcr.version = require('../package').version","","gcr.utils = require('./utils')","","gcr.load = function(opts, cb) {","  if ('function' === typeof opts) cb = opts, opts = {}","  if (gcr.loaded) return cb()","  mkdirp(gcr.root, function(err) {","    log.resume()","    if (err) {","      err.heading = '[mkdirp]'","      return cb(err)","    }","    nconf.file({ file: confFile })","    nconf.defaults(require('./config.default')(opts))","    if (opts.url) {","      nconf.set('url', opts.url)","    }","    if (opts.token) {","      nconf.set('token', opts.token)","    }","    if (opts.buildDir) {","      nconf.set('buildDir', opts.buildDir)","    }","    if (opts.npm) {","      nconf.set('npm', opts.npm)","    }","    if (opts.hasOwnProperty('strictSSL')) {","      nconf.set('strictSSL', opts.strictSSL)","    }","    if (opts.timeout) {","      nconf.set('timeout', opts.timeout)","    }","    if (!nconf.get('buildDir')) {","      nconf.set('buildDir', '/tmp/builds')","    }","    if (opts.keypath) {","      nconf.set('keypath', opts.keypath)","    }","    gcr.config = nconf","    chain([","        validateGit","      , validateSetup","      , saveConfig","    ], cb)","  })","}","","function validateGit(cb) {","  if (nconf.get('git')) return cb()","  which('git', function(err, git) {","    if (err) {","      err.heading = '[which]'","      return cb(err)","    }","    nconf.set('git', git)","    cb()","  })","}","","function validateSetup(cb) {","  mkdirp(gcr.config.get('buildDir'), function(err) {","    if (err) {","      err.heading = '[mkdirp]'","      return cb && cb(err)","    }","    gcr.utils.maybeGenSSHKey(function(err) {","      if (err) {","        err.heading = '[ssh-keygen]'","        return cb(err)","      } else {","        cb()","      }","    })","  })","}","","function saveConfig(cb) {","  nconf.save(function() {","    log.level = gcr.config.get('loglevel')","    log.heading = gcr.config.get('heading') || 'gcr'","    gcr.log = log","    gcr.loaded = true","    gcr.runner = require('./runner')()","    gcr.client = require('./client')()","    cb()","  })","}",""],"l":{"1":1,"14":1,"16":1,"18":1,"19":1,"20":1,"22":1,"24":1,"25":0,"26":0,"27":0,"28":0,"29":0,"30":0,"31":0,"33":0,"34":0,"35":0,"36":0,"38":0,"39":0,"41":0,"42":0,"44":0,"45":0,"47":0,"48":0,"50":0,"51":0,"53":0,"54":0,"56":0,"57":0,"59":0,"60":0,"68":1,"69":0,"70":0,"71":0,"72":0,"73":0,"75":0,"76":0,"80":1,"81":0,"82":0,"83":0,"84":0,"86":0,"87":0,"88":0,"89":0,"91":0,"97":1,"98":0,"99":0,"100":0,"101":0,"102":0,"103":0,"104":0,"105":0}},"/home/travis/build/npmtest/node-npmtest-gcr/node_modules/gcr/lib/utils.js":{"path":"/home/travis/build/npmtest/node-npmtest-gcr/node_modules/gcr/lib/utils.js","s":{"1":1,"2":1,"3":0,"4":0,"5":0,"6":0,"7":0,"8":0,"9":1,"10":0,"11":0,"12":0,"13":0,"14":0,"15":0,"16":0,"17":0,"18":0},"b":{"1":[0,0],"2":[0,0],"3":[0,0],"4":[0,0],"5":[0,0],"6":[0,0]},"f":{"1":0,"2":0,"3":0,"4":0,"5":0},"fnMap":{"1":{"name":"(anonymous_1)","line":10,"loc":{"start":{"line":10,"column":18},"end":{"line":10,"column":35}}},"2":{"name":"(anonymous_2)","line":18,"loc":{"start":{"line":18,"column":5},"end":{"line":18,"column":35}}},"3":{"name":"maybeGenSSHKey","line":24,"loc":{"start":{"line":24,"column":23},"end":{"line":24,"column":51}}},"4":{"name":"(anonymous_4)","line":26,"loc":{"start":{"line":26,"column":21},"end":{"line":26,"column":33}}},"5":{"name":"(anonymous_5)","line":28,"loc":{"start":{"line":28,"column":33},"end":{"line":28,"column":47}}}},"statementMap":{"1":{"start":{"line":1,"column":0},"end":{"line":8,"column":19}},"2":{"start":{"line":10,"column":0},"end":{"line":22,"column":1}},"3":{"start":{"line":11,"column":2},"end":{"line":13,"column":18}},"4":{"start":{"line":14,"column":2},"end":{"line":14,"column":45}},"5":{"start":{"line":15,"column":2},"end":{"line":21,"column":4}},"6":{"start":{"line":19,"column":4},"end":{"line":19,"column":33}},"7":{"start":{"line":19,"column":13},"end":{"line":19,"column":33}},"8":{"start":{"line":20,"column":4},"end":{"line":20,"column":33}},"9":{"start":{"line":24,"column":0},"end":{"line":36,"column":1}},"10":{"start":{"line":25,"column":2},"end":{"line":25,"column":41}},"11":{"start":{"line":26,"column":2},"end":{"line":35,"column":4}},"12":{"start":{"line":27,"column":4},"end":{"line":27,"column":22}},"13":{"start":{"line":27,"column":11},"end":{"line":27,"column":22}},"14":{"start":{"line":28,"column":4},"end":{"line":34,"column":6}},"15":{"start":{"line":29,"column":6},"end":{"line":32,"column":7}},"16":{"start":{"line":30,"column":8},"end":{"line":30,"column":36}},"17":{"start":{"line":31,"column":8},"end":{"line":31,"column":22}},"18":{"start":{"line":33,"column":6},"end":{"line":33,"column":10}}},"branchMap":{"1":{"line":11,"type":"cond-expr","locations":[{"start":{"line":12,"column":6},"end":{"line":12,"column":22}},{"start":{"line":13,"column":6},"end":{"line":13,"column":18}}]},"2":{"line":19,"type":"if","locations":[{"start":{"line":19,"column":4},"end":{"line":19,"column":4}},{"start":{"line":19,"column":4},"end":{"line":19,"column":4}}]},"3":{"line":19,"type":"binary-expr","locations":[{"start":{"line":19,"column":20},"end":{"line":19,"column":22}},{"start":{"line":19,"column":26},"end":{"line":19,"column":33}}]},"4":{"line":20,"type":"binary-expr","locations":[{"start":{"line":20,"column":11},"end":{"line":20,"column":13}},{"start":{"line":20,"column":17},"end":{"line":20,"column":33}}]},"5":{"line":27,"type":"if","locations":[{"start":{"line":27,"column":4},"end":{"line":27,"column":4}},{"start":{"line":27,"column":4},"end":{"line":27,"column":4}}]},"6":{"line":29,"type":"if","locations":[{"start":{"line":29,"column":6},"end":{"line":29,"column":6}},{"start":{"line":29,"column":6},"end":{"line":29,"column":6}}]}},"code":["var log = require('npmlog')","  , gcr = require('./gcr')","  , exec = require('child_process').exec","  , path = require('path')","  , os = require('os')","  , isWin = os.platform() === 'win32'","  , fs = require('fs')","  , utils = exports","","utils.genSSHKey = function(fp, cb) {","  var k = isWin","    ? 'ssh-keygen.exe'","    : 'ssh-keygen'","  var cmd = k + ' -t rsa -f ' + fp + ' -N \"\"'","  exec(cmd, {","    env: process.env","  , cwd: process.cwd()","  }, function(err, stdout, stderr) {","    if (err) return cb && cb(err)","    return cb && cb(null, stdout)","  })","}","","utils.maybeGenSSHKey = function maybeGenSSHKey(cb) {","  var keypath = gcr.config.get('keypath')","  fs.exists(keypath, function(e) {","    if (e) return cb()","    gcr.utils.genSSHKey(keypath, function(err) {","      if (err) {","        err.heading = '[ssh-keygen]'","        return cb(err)","      }","      cb()","    })","  })","}",""],"l":{"1":1,"10":1,"11":0,"14":0,"15":0,"19":0,"20":0,"24":1,"25":0,"26":0,"27":0,"28":0,"29":0,"30":0,"31":0,"33":0}},"/home/travis/build/npmtest/node-npmtest-gcr/node_modules/gcr/lib/client.js":{"path":"/home/travis/build/npmtest/node-npmtest-gcr/node_modules/gcr/lib/client.js","s":{"1":1,"2":1,"3":1,"4":0,"5":1,"6":1,"7":0,"8":0,"9":1,"10":0,"11":1,"12":0,"13":0,"14":0,"15":0,"16":0,"17":0,"18":0,"19":0,"20":0,"21":0,"22":0,"23":0,"24":0,"25":0,"26":0,"27":1,"28":0,"29":0,"30":0,"31":0,"32":0,"33":0,"34":0,"35":0,"36":0,"37":0,"38":0,"39":0,"40":0,"41":1,"42":0,"43":0,"44":0,"45":0,"46":0,"47":0,"48":0,"49":0,"50":0,"51":0,"52":0,"53":0,"54":0,"55":0,"56":0,"57":0},"b":{"1":[1,1,1,1],"2":[0,1],"3":[0,0],"4":[0,0],"5":[0,0],"6":[0,0],"7":[0,0],"8":[0,0],"9":[0,0],"10":[0,0],"11":[0,0],"12":[0,0],"13":[0,0],"14":[0,0],"15":[0,0],"16":[0,0],"17":[0,0],"18":[0,0],"19":[0,0],"20":[0,0]},"f":{"1":0,"2":0,"3":0,"4":0,"5":0,"6":0,"7":0,"8":0},"fnMap":{"1":{"name":"Client","line":19,"loc":{"start":{"line":19,"column":0},"end":{"line":19,"column":18}}},"2":{"name":"(anonymous_2)","line":24,"loc":{"start":{"line":24,"column":26},"end":{"line":24,"column":37}}},"3":{"name":"(anonymous_3)","line":28,"loc":{"start":{"line":28,"column":31},"end":{"line":28,"column":62}}},"4":{"name":"(anonymous_4)","line":46,"loc":{"start":{"line":46,"column":20},"end":{"line":46,"column":45}}},"5":{"name":"(anonymous_5)","line":59,"loc":{"start":{"line":59,"column":34},"end":{"line":59,"column":62}}},"6":{"name":"(anonymous_6)","line":72,"loc":{"start":{"line":72,"column":21},"end":{"line":72,"column":46}}},"7":{"name":"(anonymous_7)","line":85,"loc":{"start":{"line":85,"column":28},"end":{"line":85,"column":41}}},"8":{"name":"(anonymous_8)","line":98,"loc":{"start":{"line":98,"column":21},"end":{"line":98,"column":46}}}},"statementMap":{"1":{"start":{"line":1,"column":0},"end":{"line":6,"column":33}},"2":{"start":{"line":8,"column":0},"end":{"line":11,"column":27}},"3":{"start":{"line":13,"column":0},"end":{"line":15,"column":1}},"4":{"start":{"line":14,"column":2},"end":{"line":14,"column":52}},"5":{"start":{"line":17,"column":0},"end":{"line":17,"column":23}},"6":{"start":{"line":19,"column":0},"end":{"line":22,"column":1}},"7":{"start":{"line":20,"column":2},"end":{"line":21,"column":23}},"8":{"start":{"line":21,"column":4},"end":{"line":21,"column":23}},"9":{"start":{"line":24,"column":0},"end":{"line":26,"column":1}},"10":{"start":{"line":25,"column":2},"end":{"line":25,"column":30}},"11":{"start":{"line":28,"column":0},"end":{"line":57,"column":1}},"12":{"start":{"line":29,"column":2},"end":{"line":29,"column":17}},"13":{"start":{"line":30,"column":2},"end":{"line":30,"column":67}},"14":{"start":{"line":31,"column":2},"end":{"line":39,"column":3}},"15":{"start":{"line":41,"column":2},"end":{"line":41,"column":52}},"16":{"start":{"line":42,"column":2},"end":{"line":44,"column":21}},"17":{"start":{"line":45,"column":2},"end":{"line":45,"column":27}},"18":{"start":{"line":46,"column":2},"end":{"line":56,"column":4}},"19":{"start":{"line":47,"column":4},"end":{"line":47,"column":33}},"20":{"start":{"line":47,"column":13},"end":{"line":47,"column":33}},"21":{"start":{"line":48,"column":4},"end":{"line":55,"column":5}},"22":{"start":{"line":49,"column":6},"end":{"line":49,"column":29}},"23":{"start":{"line":50,"column":6},"end":{"line":50,"column":33}},"24":{"start":{"line":52,"column":6},"end":{"line":52,"column":37}},"25":{"start":{"line":53,"column":6},"end":{"line":53,"column":40}},"26":{"start":{"line":54,"column":6},"end":{"line":54,"column":34}},"27":{"start":{"line":59,"column":0},"end":{"line":83,"column":1}},"28":{"start":{"line":60,"column":2},"end":{"line":60,"column":17}},"29":{"start":{"line":61,"column":2},"end":{"line":68,"column":3}},"30":{"start":{"line":70,"column":2},"end":{"line":70,"column":68}},"31":{"start":{"line":71,"column":2},"end":{"line":71,"column":28}},"32":{"start":{"line":72,"column":2},"end":{"line":82,"column":4}},"33":{"start":{"line":73,"column":4},"end":{"line":73,"column":33}},"34":{"start":{"line":73,"column":13},"end":{"line":73,"column":33}},"35":{"start":{"line":74,"column":4},"end":{"line":81,"column":5}},"36":{"start":{"line":75,"column":6},"end":{"line":75,"column":31}},"37":{"start":{"line":76,"column":6},"end":{"line":76,"column":39}},"38":{"start":{"line":78,"column":6},"end":{"line":78,"column":40}},"39":{"start":{"line":79,"column":6},"end":{"line":79,"column":52}},"40":{"start":{"line":80,"column":6},"end":{"line":80,"column":52}},"41":{"start":{"line":85,"column":0},"end":{"line":122,"column":1}},"42":{"start":{"line":86,"column":2},"end":{"line":86,"column":17}},"43":{"start":{"line":87,"column":2},"end":{"line":87,"column":48}},"44":{"start":{"line":89,"column":2},"end":{"line":95,"column":3}},"45":{"start":{"line":97,"column":2},"end":{"line":97,"column":67}},"46":{"start":{"line":98,"column":2},"end":{"line":121,"column":4}},"47":{"start":{"line":99,"column":4},"end":{"line":99,"column":33}},"48":{"start":{"line":99,"column":13},"end":{"line":99,"column":33}},"49":{"start":{"line":100,"column":4},"end":{"line":100,"column":38}},"50":{"start":{"line":101,"column":4},"end":{"line":120,"column":5}},"51":{"start":{"line":102,"column":6},"end":{"line":112,"column":7}},"52":{"start":{"line":113,"column":6},"end":{"line":113,"column":30}},"53":{"start":{"line":114,"column":11},"end":{"line":120,"column":5}},"54":{"start":{"line":115,"column":6},"end":{"line":115,"column":64}},"55":{"start":{"line":116,"column":6},"end":{"line":116,"column":56}},"56":{"start":{"line":118,"column":6},"end":{"line":118,"column":48}},"57":{"start":{"line":119,"column":6},"end":{"line":119,"column":23}}},"branchMap":{"1":{"line":8,"type":"binary-expr","locations":[{"start":{"line":8,"column":18},"end":{"line":8,"column":41}},{"start":{"line":9,"column":5},"end":{"line":9,"column":28}},{"start":{"line":10,"column":5},"end":{"line":10,"column":27}},{"start":{"line":11,"column":5},"end":{"line":11,"column":27}}]},"2":{"line":13,"type":"if","locations":[{"start":{"line":13,"column":0},"end":{"line":13,"column":0}},{"start":{"line":13,"column":0},"end":{"line":13,"column":0}}]},"3":{"line":20,"type":"if","locations":[{"start":{"line":20,"column":2},"end":{"line":20,"column":2}},{"start":{"line":20,"column":2},"end":{"line":20,"column":2}}]},"4":{"line":47,"type":"if","locations":[{"start":{"line":47,"column":4},"end":{"line":47,"column":4}},{"start":{"line":47,"column":4},"end":{"line":47,"column":4}}]},"5":{"line":47,"type":"binary-expr","locations":[{"start":{"line":47,"column":20},"end":{"line":47,"column":22}},{"start":{"line":47,"column":26},"end":{"line":47,"column":33}}]},"6":{"line":48,"type":"if","locations":[{"start":{"line":48,"column":4},"end":{"line":48,"column":4}},{"start":{"line":48,"column":4},"end":{"line":48,"column":4}}]},"7":{"line":50,"type":"binary-expr","locations":[{"start":{"line":50,"column":13},"end":{"line":50,"column":15}},{"start":{"line":50,"column":19},"end":{"line":50,"column":33}}]},"8":{"line":54,"type":"binary-expr","locations":[{"start":{"line":54,"column":13},"end":{"line":54,"column":15}},{"start":{"line":54,"column":19},"end":{"line":54,"column":34}}]},"9":{"line":73,"type":"if","locations":[{"start":{"line":73,"column":4},"end":{"line":73,"column":4}},{"start":{"line":73,"column":4},"end":{"line":73,"column":4}}]},"10":{"line":73,"type":"binary-expr","locations":[{"start":{"line":73,"column":20},"end":{"line":73,"column":22}},{"start":{"line":73,"column":26},"end":{"line":73,"column":33}}]},"11":{"line":74,"type":"if","locations":[{"start":{"line":74,"column":4},"end":{"line":74,"column":4}},{"start":{"line":74,"column":4},"end":{"line":74,"column":4}}]},"12":{"line":76,"type":"binary-expr","locations":[{"start":{"line":76,"column":13},"end":{"line":76,"column":15}},{"start":{"line":76,"column":19},"end":{"line":76,"column":39}}]},"13":{"line":80,"type":"binary-expr","locations":[{"start":{"line":80,"column":13},"end":{"line":80,"column":15}},{"start":{"line":80,"column":19},"end":{"line":80,"column":52}}]},"14":{"line":99,"type":"if","locations":[{"start":{"line":99,"column":4},"end":{"line":99,"column":4}},{"start":{"line":99,"column":4},"end":{"line":99,"column":4}}]},"15":{"line":99,"type":"binary-expr","locations":[{"start":{"line":99,"column":20},"end":{"line":99,"column":22}},{"start":{"line":99,"column":26},"end":{"line":99,"column":33}}]},"16":{"line":101,"type":"if","locations":[{"start":{"line":101,"column":4},"end":{"line":101,"column":4}},{"start":{"line":101,"column":4},"end":{"line":101,"column":4}}]},"17":{"line":113,"type":"binary-expr","locations":[{"start":{"line":113,"column":13},"end":{"line":113,"column":15}},{"start":{"line":113,"column":19},"end":{"line":113,"column":30}}]},"18":{"line":114,"type":"if","locations":[{"start":{"line":114,"column":11},"end":{"line":114,"column":11}},{"start":{"line":114,"column":11},"end":{"line":114,"column":11}}]},"19":{"line":116,"type":"binary-expr","locations":[{"start":{"line":116,"column":13},"end":{"line":116,"column":15}},{"start":{"line":116,"column":19},"end":{"line":116,"column":56}}]},"20":{"line":119,"type":"binary-expr","locations":[{"start":{"line":119,"column":13},"end":{"line":119,"column":15}},{"start":{"line":119,"column":19},"end":{"line":119,"column":23}}]}},"code":["var request = require('request')","  , gcr = require('./gcr')","  , util = require('util')","  , log = require('npmlog')","  , url = require('url')","  , urlJoin = require('url-join')","","var proxyServer = process.env.HTTPS_PROXY","  || process.env.https_proxy","  || process.env.HTTP_PROXY","  || process.env.http_proxy","","if (proxyServer) {","  request = request.defaults({ proxy: proxyServer })","}","","module.exports = Client","","function Client() {","  if (!(this instanceof Client))","    return new Client()","}","","Client.prototype.apiUrl = function() {","  return gcr.config.get('url')","}","","Client.prototype.updateBuild = function(id, state, trace, cb) {","  var self = this","  log.info('[client]', 'submitting build %d to coordinator...', id)","  var opts = {","    body: {","      state: state","    , trace: trace","    , token: gcr.config.get('token')","    }","  , json: true","  , strictSSL: gcr.config.get('strictSSL')","  }","","  log.verbose('[client]', 'update build', id, state)","  opts.uri = urlJoin( self.apiUrl()","                    , util.format('/api/v1/builds/%d.json', id)","                    )","  log.http('PUT', opts.uri)","  request.put(opts, function(err, res, body) {","    if (err) return cb && cb(err)","    if (res.statusCode === 200) {","      log.http(200, opts.uri)","      return cb && cb(null, true)","    } else {","      log.verbose('[response]', body)","      log.http(res.statusCode, opts.uri)","      return cb && cb(null, false)","    }","  })","}","","Client.prototype.registerRunner = function(pubkey, token, cb) {","  var self = this","  var opts = {","    body: {","      public_key: pubkey","    , token: token","    }","  , json: true","  , strictSSL: gcr.config.get('strictSSL')","  }","","  opts.uri = urlJoin(self.apiUrl(), '/api/v1/runners/register.json')","  log.http('POST', opts.uri)","  request.post(opts, function(err, res, body) {","    if (err) return cb && cb(err)","    if (res.statusCode === 201) {","      log.http(201, body.token)","      return cb && cb(null, body.token)","    } else {","      log.http(res.statusCode, opts.uri)","      log.error('[client]', 'register runner', body)","      return cb && cb(new Error('Invalid response'))","    }","  })","}","","Client.prototype.getBuild = function(cb) {","  var self = this","  log.info('[client]', 'checking for builds...')","","  var opts = {","    body: {","      token: gcr.config.get('token')","    }","  , json: true","  , strictSSL: gcr.config.get('strictSSL')","  }","","  opts.uri = urlJoin(self.apiUrl(), '/api/v1/builds/register.json')","  request.post(opts, function(err, res, body) {","    if (err) return cb && cb(err)","    log.http(res.statusCode, opts.uri)","    if (res.statusCode === 201) {","      var o = {","        id: body.id","      , project_id: body.project_id","      , commands: body.commands.replace(/\\r\\n/g, '\\n').split('\\n')","      , repo_url: body.repo_url","      , ref: body.sha","      , ref_name: body.before_sha","      , allow_git_fetch: body.allow_git_fetch","      , timeout: body.timeout","      , variables: body.variables","      }","      return cb && cb(null, o)","    } else if (res.statusCode === 403) {","      log.error('[client]', 'Unable to get builds', 'forbidden')","      return cb && cb(new Error('Unable to get builds'))","    } else {","      log.verbose('[client]', 'no builds found')","      return cb && cb()","    }","  })","}",""],"l":{"1":1,"8":1,"13":1,"14":0,"17":1,"19":1,"20":0,"21":0,"24":1,"25":0,"28":1,"29":0,"30":0,"31":0,"41":0,"42":0,"45":0,"46":0,"47":0,"48":0,"49":0,"50":0,"52":0,"53":0,"54":0,"59":1,"60":0,"61":0,"70":0,"71":0,"72":0,"73":0,"74":0,"75":0,"76":0,"78":0,"79":0,"80":0,"85":1,"86":0,"87":0,"89":0,"97":0,"98":0,"99":0,"100":0,"101":0,"102":0,"113":0,"114":0,"115":0,"116":0,"118":0,"119":0}},"/home/travis/build/npmtest/node-npmtest-gcr/node_modules/gcr/lib/config.default.js":{"path":"/home/travis/build/npmtest/node-npmtest-gcr/node_modules/gcr/lib/config.default.js","s":{"1":1,"2":1,"3":0,"4":0,"5":0,"6":0,"7":0,"8":0,"9":0,"10":0,"11":0,"12":0,"13":0,"14":0,"15":0,"16":0,"17":0},"b":{"1":[0,0],"2":[0,0],"3":[0,0],"4":[0,0],"5":[0,0],"6":[0,0],"7":[0,0],"8":[0,0],"9":[0,0]},"f":{"1":0},"fnMap":{"1":{"name":"(anonymous_1)","line":6,"loc":{"start":{"line":6,"column":17},"end":{"line":6,"column":34}}}},"statementMap":{"1":{"start":{"line":1,"column":0},"end":{"line":4,"column":35}},"2":{"start":{"line":6,"column":0},"end":{"line":23,"column":1}},"3":{"start":{"line":7,"column":2},"end":{"line":7,"column":12}},"4":{"start":{"line":8,"column":2},"end":{"line":8,"column":36}},"5":{"start":{"line":8,"column":18},"end":{"line":8,"column":36}},"6":{"start":{"line":9,"column":2},"end":{"line":9,"column":42}},"7":{"start":{"line":9,"column":20},"end":{"line":9,"column":42}},"8":{"start":{"line":10,"column":2},"end":{"line":10,"column":51}},"9":{"start":{"line":10,"column":23},"end":{"line":10,"column":51}},"10":{"start":{"line":11,"column":2},"end":{"line":11,"column":36}},"11":{"start":{"line":11,"column":18},"end":{"line":11,"column":36}},"12":{"start":{"line":12,"column":2},"end":{"line":12,"column":48}},"13":{"start":{"line":12,"column":22},"end":{"line":12,"colu
[...]
ine":173,"column":38}},"95":{"start":{"line":174,"column":2},"end":{"line":174,"column":41}},"96":{"start":{"line":176,"column":2},"end":{"line":176,"column":66}},"97":{"start":{"line":177,"column":2},"end":{"line":177,"column":22}},"98":{"start":{"line":178,"column":2},"end":{"line":182,"column":23}},"99":{"start":{"line":179,"column":4},"end":{"line":179,"column":19}},"100":{"start":{"line":180,"column":4},"end":{"line":180,"column":16}},"101":{"start":{"line":181,"column":4},"end":{"line":181,"column":36}},"102":{"start":{"line":183,"column":2},"end":{"line":187,"column":4}},"103":{"start":{"line":184,"column":4},"end":{"line":184,"column":27}},"104":{"start":{"line":185,"column":4},"end":{"line":185,"column":42}},"105":{"start":{"line":186,"column":4},"end":{"line":186,"column":21}},"106":{"start":{"line":188,"column":2},"end":{"line":192,"column":4}},"107":{"start":{"line":189,"column":4},"end":{"line":189,"column":27}},"108":{"start":{"line":190,"column":4},"end":{"line":190,"column":42}},"109":{"start":{"line":191,"column":4},"end":{"line":191,"column":21}},"110":{"start":{"line":193,"column":2},"end":{"line":218,"column":4}},"111":{"start":{"line":194,"column":4},"end":{"line":197,"column":5}},"112":{"start":{"line":195,"column":6},"end":{"line":195,"column":25}},"113":{"start":{"line":196,"column":6},"end":{"line":196,"column":18}},"114":{"start":{"line":198,"column":4},"end":{"line":214,"column":5}},"115":{"start":{"line":199,"column":6},"end":{"line":201,"column":43}},"116":{"start":{"line":202,"column":6},"end":{"line":202,"column":28}},"117":{"start":{"line":203,"column":6},"end":{"line":206,"column":8}},"118":{"start":{"line":207,"column":6},"end":{"line":207,"column":21}},"119":{"start":{"line":208,"column":6},"end":{"line":208,"column":19}},"120":{"start":{"line":209,"column":6},"end":{"line":209,"column":27}},"121":{"start":{"line":210,"column":6},"end":{"line":212,"column":8}},"122":{"start":{"line":211,"column":8},"end":{"line":211,"column":19}},"123":{"start":{"line":213,"column":6},"end":{"line":213,"column":12}},"124":{"start":{"line":215,"column":4},"end":{"line":217,"column":6}},"125":{"start":{"line":216,"column":6},"end":{"line":216,"column":16}},"126":{"start":{"line":221,"column":0},"end":{"line":294,"column":1}},"127":{"start":{"line":222,"column":2},"end":{"line":222,"column":17}},"128":{"start":{"line":223,"column":2},"end":{"line":223,"column":62}},"129":{"start":{"line":223,"column":33},"end":{"line":223,"column":62}},"130":{"start":{"line":224,"column":2},"end":{"line":233,"column":3}},"131":{"start":{"line":235,"column":2},"end":{"line":239,"column":3}},"132":{"start":{"line":236,"column":4},"end":{"line":238,"column":6}},"133":{"start":{"line":237,"column":6},"end":{"line":237,"column":40}},"134":{"start":{"line":241,"column":2},"end":{"line":241,"column":32}},"135":{"start":{"line":243,"column":2},"end":{"line":247,"column":3}},"136":{"start":{"line":249,"column":2},"end":{"line":249,"column":38}},"137":{"start":{"line":250,"column":2},"end":{"line":250,"column":64}},"138":{"start":{"line":251,"column":2},"end":{"line":251,"column":40}},"139":{"start":{"line":252,"column":2},"end":{"line":252,"column":22}},"140":{"start":{"line":253,"column":2},"end":{"line":257,"column":23}},"141":{"start":{"line":254,"column":4},"end":{"line":254,"column":19}},"142":{"start":{"line":255,"column":4},"end":{"line":255,"column":16}},"143":{"start":{"line":256,"column":4},"end":{"line":256,"column":36}},"144":{"start":{"line":258,"column":2},"end":{"line":262,"column":4}},"145":{"start":{"line":259,"column":4},"end":{"line":259,"column":27}},"146":{"start":{"line":260,"column":4},"end":{"line":260,"column":42}},"147":{"start":{"line":261,"column":4},"end":{"line":261,"column":21}},"148":{"start":{"line":263,"column":2},"end":{"line":267,"column":4}},"149":{"start":{"line":264,"column":4},"end":{"line":264,"column":27}},"150":{"start":{"line":265,"column":4},"end":{"line":265,"column":42}},"151":{"start":{"line":266,"column":4},"end":{"line":266,"column":21}},"152":{"start":{"line":268,"column":2},"end":{"line":293,"column":4}},"153":{"start":{"line":269,"column":4},"end":{"line":272,"column":5}},"154":{"start":{"line":270,"column":6},"end":{"line":270,"column":25}},"155":{"start":{"line":271,"column":6},"end":{"line":271,"column":18}},"156":{"start":{"line":273,"column":4},"end":{"line":289,"column":5}},"157":{"start":{"line":274,"column":6},"end":{"line":276,"column":43}},"158":{"start":{"line":277,"column":6},"end":{"line":277,"column":28}},"159":{"start":{"line":278,"column":6},"end":{"line":281,"column":8}},"160":{"start":{"line":282,"column":6},"end":{"line":282,"column":21}},"161":{"start":{"line":283,"column":6},"end":{"line":283,"column":19}},"162":{"start":{"line":284,"column":6},"end":{"line":284,"column":27}},"163":{"start":{"line":285,"column":6},"end":{"line":287,"column":8}},"164":{"start":{"line":286,"column":8},"end":{"line":286,"column":19}},"165":{"start":{"line":288,"column":6},"end":{"line":288,"column":12}},"166":{"start":{"line":290,"column":4},"end":{"line":292,"column":6}},"167":{"start":{"line":291,"column":6},"end":{"line":291,"column":16}},"168":{"start":{"line":296,"column":0},"end":{"line":299,"column":1}},"169":{"start":{"line":297,"column":2},"end":{"line":297,"column":23}},"170":{"start":{"line":298,"column":2},"end":{"line":298,"column":57}}},"branchMap":{"1":{"line":17,"type":"if","locations":[{"start":{"line":17,"column":2},"end":{"line":17,"column":2}},{"start":{"line":17,"column":2},"end":{"line":17,"column":2}}]},"2":{"line":23,"type":"binary-expr","locations":[{"start":{"line":23,"column":18},"end":{"line":23,"column":31}},{"start":{"line":23,"column":35},"end":{"line":23,"column":37}}]},"3":{"line":24,"type":"binary-expr","locations":[{"start":{"line":24,"column":19},"end":{"line":24,"column":44}},{"start":{"line":24,"column":48},"end":{"line":24,"column":60}},{"start":{"line":24,"column":64},"end":{"line":24,"column":68}}]},"4":{"line":37,"type":"if","locations":[{"start":{"line":37,"column":4},"end":{"line":37,"column":4}},{"start":{"line":37,"column":4},"end":{"line":37,"column":4}}]},"5":{"line":39,"type":"if","locations":[{"start":{"line":39,"column":8},"end":{"line":39,"column":8}},{"start":{"line":39,"column":8},"end":{"line":39,"column":8}}]},"6":{"line":44,"type":"if","locations":[{"start":{"line":44,"column":8},"end":{"line":44,"column":8}},{"start":{"line":44,"column":8},"end":{"line":44,"column":8}}]},"7":{"line":52,"type":"if","locations":[{"start":{"line":52,"column":10},"end":{"line":52,"column":10}},{"start":{"line":52,"column":10},"end":{"line":52,"column":10}}]},"8":{"line":63,"type":"if","locations":[{"start":{"line":63,"column":4},"end":{"line":63,"column":4}},{"start":{"line":63,"column":4},"end":{"line":63,"column":4}}]},"9":{"line":67,"type":"if","locations":[{"start":{"line":67,"column":8},"end":{"line":67,"column":8}},{"start":{"line":67,"column":8},"end":{"line":67,"column":8}}]},"10":{"line":84,"type":"if","locations":[{"start":{"line":84,"column":4},"end":{"line":84,"column":4}},{"start":{"line":84,"column":4},"end":{"line":84,"column":4}}]},"11":{"line":84,"type":"binary-expr","locations":[{"start":{"line":84,"column":20},"end":{"line":84,"column":22}},{"start":{"line":84,"column":26},"end":{"line":84,"column":33}}]},"12":{"line":131,"type":"if","locations":[{"start":{"line":131,"column":4},"end":{"line":131,"column":4}},{"start":{"line":131,"column":4},"end":{"line":131,"column":4}}]},"13":{"line":142,"type":"if","locations":[{"start":{"line":142,"column":2},"end":{"line":142,"column":2}},{"start":{"line":142,"column":2},"end":{"line":142,"column":2}}]},"14":{"line":154,"type":"if","locations":[{"start":{"line":154,"column":2},"end":{"line":154,"column":2}},{"start":{"line":154,"column":2},"end":{"line":154,"column":2}}]},"15":{"line":154,"type":"binary-expr","locations":[{"start":{"line":154,"column":6},"end":{"line":154,"column":25}},{"start":{"line":154,"column":29},"end":{"line":154,"column":55}}]},"16":{"line":169,"type":"if","locations":[{"start":{"line":169,"column":2},"end":{"line":169,"column":2}},{"start":{"line":169,"column":2},"end":{"line":169,"column":2}}]},"17":{"line":194,"type":"if","locations":[{"start":{"line":194,"column":4},"end":{"line":194,"column":4}},{"start":{"line":194,"column":4},"end":{"line":194,"column":4}}]},"18":{"line":198,"type":"if","locations":[{"start":{"line":198,"column":4},"end":{"line":198,"column":4}},{"start":{"line":198,"column":4},"end":{"line":198,"column":4}}]},"19":{"line":199,"type":"cond-expr","locations":[{"start":{"line":200,"column":10},"end":{"line":200,"column":28}},{"start":{"line":201,"column":10},"end":{"line":201,"column":43}}]},"20":{"line":205,"type":"cond-expr","locations":[{"start":{"line":205,"column":21},"end":{"line":205,"column":26}},{"start":{"line":205,"column":29},"end":{"line":205,"column":33}}]},"21":{"line":211,"type":"binary-expr","locations":[{"start":{"line":211,"column":8},"end":{"line":211,"column":10}},{"start":{"line":211,"column":14},"end":{"line":211,"column":19}}]},"22":{"line":216,"type":"binary-expr","locations":[{"start":{"line":216,"column":6},"end":{"line":216,"column":8}},{"start":{"line":216,"column":12},"end":{"line":216,"column":16}}]},"23":{"line":223,"type":"if","locations":[{"start":{"line":223,"column":2},"end":{"line":223,"column":2}},{"start":{"line":223,"column":2},"end":{"line":223,"column":2}}]},"24":{"line":235,"type":"if","locations":[{"start":{"line":235,"column":2},"end":{"line":235,"column":2}},{"start":{"line":235,"column":2},"end":{"line":235,"column":2}}]},"25":{"line":235,"type":"binary-expr","locations":[{"start":{"line":235,"column":6},"end":{"line":235,"column":25}},{"start":{"line":235,"column":29},"end":{"line":235,"column":55}}]},"26":{"line":269,"type":"if","locations":[{"start":{"line":269,"column":4},"end":{"line":269,"column":4}},{"start":{"line":269,"column":4},"end":{"line":269,"column":4}}]},"27":{"line":273,"type":"if","locations":[{"start":{"line":273,"column":4},"end":{"line":273,"column":4}},{"start":{"line":273,"column":4},"end":{"line":273,"column":4}}]},"28":{"line":274,"type":"cond-expr","locations":[{"start":{"line":275,"column":10},"end":{"line":275,"column":28}},{"start":{"line":276,"column":10},"end":{"line":276,"column":43}}]},"29":{"line":280,"type":"cond-expr","locations":[{"start":{"line":280,"column":42},"end":{"line":280,"column":47}},{"start":{"line":280,"column":50},"end":{"line":280,"column":54}}]},"30":{"line":286,"type":"binary-expr","locations":[{"start":{"line":286,"column":8},"end":{"line":286,"column":10}},{"start":{"line":286,"column":14},"end":{"line":286,"column":19}}]},"31":{"line":291,"type":"binary-expr","locations":[{"start":{"line":291,"column":6},"end":{"line":291,"column":8}},{"start":{"line":291,"column":12},"end":{"line":291,"column":16}}]}},"code":["var gcr = require('./gcr')","  , spawn = require('child_process').spawn","  , rimraf = require('rimraf')","  , slide = require('slide')","  , chain = slide.chain","  , fs = require('fs')","  , log = require('npmlog')","  , path = require('path')","  , util = require('util')","  , mkdirp = require('mkdirp')","  , argsplit = require('argsplit')","  , EE = require('events').EventEmitter","","module.exports = Build","","function Build(opts) {","  if (!(this instanceof Build))","    return new Build(opts)","","  EE.call(this)","  this.git = gcr.config.get('git')","  this.buildDir = gcr.config.get('buildDir')","  opts.commands = opts.commands || []","  opts.timeout = +(gcr.config.get('timeout') || opts.timeout || 5000) * 1000","  this.opts = opts","  this.output = ''","  this.projectDir = path.join(this.buildDir, 'project-'+opts.project_id)","  this.state = 'waiting'","}","","util.inherits(Build, EE)","","Build.prototype.run = function() {","  this.state = 'running'","  var self = this","  this.shouldClone(function(should) {","    if (!should) {","      self.fetch(function(err) {","        if (err) return self.emit('done', false)","        runCommand(0)","      })","    } else {","      rimraf(self.projectDir, function(err) {","        if (err) {","          self.state = 'failed'","          self.update(function() {","            self.emit('done', false)","          })","          return","        }","        self.clone(function(err) {","          if (err) return self.emit('done', false)","          runCommand(0)","        })","      })","    }","  })","","  var cmds = this.opts.commands","  var len = cmds.length","  var dir = this.projectDir","  function runCommand(idx) {","    if (idx < len) {","      log.verbose('[build]', 'running command', idx+1, 'of', len)","      var cmd = cmds[idx]","      self.runCommand(cmd, dir, function(err) {","        if (err) return self.emit('done', false)","        runCommand(idx+1)","      })","    } else {","      self.state = 'success'","      self.update(function() {","        self.emit('done', true)","      })","    }","  }","}","","Build.prototype.clone = function(cb) {","  var self = this","  var cmd = ['clone', this.opts.repo_url, 'project-'+this.opts.project_id]","  var dir = this.projectDir","  this.gitCommand(cmd, this.buildDir, function(err) {","    if (err) return cb && cb(err)","    self.gitCommand(['checkout', self.opts.ref], dir, cb)","  })","}","","Build.prototype.fetch = function(cb) {","  var self = this","","  var dir = this.projectDir","  var repoUrl = this.opts.repo_url","","  function resetHard(cb) {","    self.gitCommand(['reset', '--hard'], dir, cb)","  }","","  function clean(cb) {","    self.gitCommand(['clean', '-fdx'], dir, cb)","  }","","  function setOrigin(cb) {","    self.gitCommand( ['remote', 'set-url', 'origin', repoUrl]","                   , dir","                   , cb","                   )","  }","","  function fetchOrigin(cb) {","    self.gitCommand(['fetch', 'origin'], dir, cb)","  }","","  function checkout(cb) {","    self.gitCommand(['checkout', self.opts.ref], dir, cb)","  }","","  chain([","    resetHard","  , clean","  , setOrigin","  , fetchOrigin","  , checkout","  ], cb)","}","","Build.prototype.shouldClone = function(cb) {","  var self = this","  var d = path.join(this.projectDir, '.git')","  fs.exists(d, function(e) {","    if (!e) return cb(true)","    return cb(!self.opts.allow_git_fetch)","  })","}","","Build.prototype.append = function(str) {","  this.output += str","}","","Build.prototype.runCommand = function(cmd, dir, cb) {","  var self = this","  if ('function' === typeof dir) cb = dir, dir = process.cwd()","  var env = {","    CI_SERVER: true","  , CI_SERVER_NAME: 'GitLab CI'","  , CI_SERVER_VERSION: null","  , CI_SERVER_REVISION: null","  , CI_BUILD_REF: this.opts.ref","  , CI_BUILD_BEFORE_SHA: this.opts.before_sha","  , CI_BUILD_REF_NAME: this.opts.ref_name","  , CI_BUILD_ID: this.opts.id","  }","","  if (this.opts.variables && this.opts.variables.length) {","    this.opts.variables.forEach(function(variable) {","      env[variable.key] = variable.value","    })","  }","","  util._extend(env, process.env)","","  var opts = {","    env: env","  , cwd: dir","  , timeout: this.opts.timeout","  }","","  var fixedCmd = cmd","  if (!Array.isArray(cmd)) {","    fixedCmd = argsplit(cmd)","  }","","  log.verbose('[builder]', 'cmd', cmd)","  this.append(util.format('\\n%s\\n', cmd))","","  var child = spawn('/bin/bash', ['-c', fixedCmd.join(' ')], opts)","  var timedout = false","  var timer = setTimeout(function() {","    timedout = true","    child.kill()","    self.append('\\n** TIMEOUT **\\n')","  }, this.opts.timeout)","  child.stderr.on('data', function(d) {","    var data = d.toString()","    log.silly('[builder]', 'stderr', data)","    self.append(data)","  })","  child.stdout.on('data', function(d) {","    var data = d.toString()","    log.silly('[builder]', 'stdout', data)","    self.append(data)","  })","  child.on('close', function(code) {","    if (timer) {","      clearTimeout(timer)","      timer = null","    }","    if (code !== 0) {","      var msg = timedout","        ? 'process timedout'","        : 'process exited with code: '+code","      var e = new Error(msg)","      self.append(util.format(","        'Command: [%s] exited with code: %d timedout: %s', cmd, code,","          timedout ? 'yes' : 'no'","      ))","      e.command = cmd","      e.opts = opts","      self.state = 'failed'","      self.update(function() {","        cb && cb(e)","      })","      return","    }","    self.update(function() {","      cb && cb()","    })","  })","}","","Build.prototype.gitCommand = function(cmd, dir, cb) {","  var self = this","  if ('function' === typeof dir) cb = dir, dir = process.cwd()","  var env = {","    CI_SERVER: true","  , CI_SERVER_NAME: 'GitLab CI'","  , CI_SERVER_VERSION: null","  , CI_SERVER_REVISION: null","  , CI_BUILD_REF: this.opts.ref","  , CI_BUILD_BEFORE_SHA: this.opts.before_sha","  , CI_BUILD_REF_NAME: this.opts.ref_name","  , CI_BUILD_ID: this.opts.id","  }","","  if (this.opts.variables && this.opts.variables.length) {","    this.opts.variables.forEach(function(variable) {","      env[variable.key] = variable.value","    })","  }","","  util._extend(env, process.env)","","  var opts = {","    env: env","  , cwd: dir","  , timeout: this.opts.timeout","  }","","  log.verbose('[builder]', 'cmd', cmd)","  self.append(util.format('\\n%s %s\\n', self.git, cmd.join(' ')))","  var child = spawn(this.git, cmd, opts)","  var timedout = false","  var timer = setTimeout(function() {","    timedout = true","    child.kill()","    self.append('\\n** TIMEOUT **\\n')","  }, this.opts.timeout)","  child.stderr.on('data', function(d) {","    var data = d.toString()","    log.silly('[builder]', 'stderr', data)","    self.append(data)","  })","  child.stdout.on('data', function(d) {","    var data = d.toString()","    log.silly('[builder]', 'stdout', data)","    self.append(data)","  })","  child.on('exit', function(code) {","    if (timer) {","      clearTimeout(timer)","      timer = null","    }","    if (code !== 0) {","      var msg = timedout","        ? 'process timedout'","        : 'process exited with code: '+code","      var e = new Error(msg)","      self.append(util.format(","        'Command: [%s %s] exited with code: %d timedout: %s', self.git,","          cmd.join(' '), code, timedout ? 'yes' : 'no'","      ))","      e.command = cmd","      e.opts = opts","      self.state = 'failed'","      self.update(function() {","        cb && cb(e)","      })","      return","    }","    self.update(function() {","      cb && cb()","    })","  })","}","","Build.prototype.update = function(cb) {","  var id = this.opts.id","  gcr.client.updateBuild(id, this.state, this.output, cb)","}",""],"l":{"1":1,"14":1,"16":1,"17":0,"18":0,"20":0,"21":0,"22":0,"23":0,"24":0,"25":0,"26":0,"27":0,"28":0,"31":1,"33":1,"34":0,"35":0,"36":0,"37":0,"38":0,"39":0,"40":0,"43":0,"44":0,"45":0,"46":0,"47":0,"49":0,"51":0,"52":0,"53":0,"59":0,"60":0,"61":0,"62":1,"63":0,"64":0,"65":0,"66":0,"67":0,"68":0,"71":0,"72":0,"73":0,"79":1,"80":0,"81":0,"82":0,"83":0,"84":0,"85":0,"89":1,"90":0,"92":0,"93":0,"95":1,"96":0,"99":1,"100":0,"103":1,"104":0,"110":1,"111":0,"114":1,"115":0,"118":0,"127":1,"128":0,"129":0,"130":0,"131":0,"132":0,"136":1,"137":0,"140":1,"141":0,"142":0,"143":0,"154":0,"155":0,"156":0,"160":0,"162":0,"168":0,"169":0,"170":0,"173":0,"174":0,"176":0,"177":0,"178":0,"179":0,"180":0,"181":0,"183":0,"184":0,"185":0,"186":0,"188":0,"189":0,"190":0,"191":0,"193":0,"194":0,"195":0,"196":0,"198":0,"199":0,"202":0,"203":0,"207":0,"208":0,"209":0,"210":0,"211":0,"213":0,"215":0,"216":0,"221":1,"222":0,"223":0,"224":0,"235":0,"236":0,"237":0,"241":0,"243":0,"249":0,"250":0,"251":0,"252":0,"253":0,"254":0,"255":0,"256":0,"258":0,"259":0,"260":0,"261":0,"263":0,"264":0,"265":0,"266":0,"268":0,"269":0,"270":0,"271":0,"273":0,"274":0,"277":0,"278":0,"282":0,"283":0,"284":0,"285":0,"286":0,"288":0,"290":0,"291":0,"296":1,"297":0,"298":0}}}